{"/home/travis/build/npmtest/node-npmtest-algorithms/test.js":{"path":"/home/travis/build/npmtest/node-npmtest-algorithms/test.js","s":{"1":2,"2":2,"3":2,"4":2,"5":2,"6":2,"7":2,"8":1,"9":2,"10":2,"11":1,"12":1,"13":1,"14":1,"15":2,"16":2,"17":2,"18":2,"19":1,"20":1,"21":2,"22":2,"23":2,"24":1,"25":1,"26":1,"27":1,"28":1,"29":1,"30":1,"31":1,"32":1,"33":1,"34":1,"35":1,"36":1,"37":1,"38":1,"39":2,"40":2,"41":1,"42":2,"43":2,"44":1,"45":2,"46":2,"47":1,"48":2,"49":2,"50":1,"51":1,"52":1,"53":1,"54":1},"b":{"1":[2,1,1,1],"2":[1,1,1,1],"3":[1,1],"4":[1,1],"5":[1,1],"6":[1,1],"7":[1,1],"8":[1,1],"9":[1,1],"10":[1,1,1],"11":[1,1],"12":[1,1],"13":[1,1],"14":[1,1],"15":[1,1],"16":[1,1],"17":[1,1]},"f":{"1":2,"2":2,"3":2,"4":2,"5":2,"6":1,"7":1,"8":1,"9":2,"10":2,"11":2,"12":2,"13":1},"fnMap":{"1":{"name":"(anonymous_1)","line":12,"loc":{"start":{"line":12,"column":1},"end":{"line":12,"column":13}}},"2":{"name":"(anonymous_2)","line":19,"loc":{"start":{"line":19,"column":5},"end":{"line":19,"column":17}}},"3":{"name":"(anonymous_3)","line":23,"loc":{"start":{"line":23,"column":24},"end":{"line":23,"column":36}}},"4":{"name":"(anonymous_4)","line":61,"loc":{"start":{"line":61,"column":5},"end":{"line":61,"column":17}}},"5":{"name":"(anonymous_5)","line":82,"loc":{"start":{"line":82,"column":5},"end":{"line":82,"column":17}}},"6":{"name":"(anonymous_6)","line":91,"loc":{"start":{"line":91,"column":77},"end":{"line":94,"column":10}}},"7":{"name":"(anonymous_7)","line":112,"loc":{"start":{"line":112,"column":83},"end":{"line":115,"column":10}},"skip":true},"8":{"name":"(anonymous_8)","line":123,"loc":{"start":{"line":123,"column":77},"end":{"line":126,"column":10}},"skip":true},"9":{"name":"(anonymous_9)","line":139,"loc":{"start":{"line":139,"column":12},"end":{"line":139,"column":40}},"skip":true},"10":{"name":"(anonymous_10)","line":147,"loc":{"start":{"line":147,"column":77},"end":{"line":150,"column":10}},"skip":true},"11":{"name":"(anonymous_11)","line":158,"loc":{"start":{"line":158,"column":83},"end":{"line":161,"column":10}},"skip":true},"12":{"name":"(anonymous_12)","line":169,"loc":{"start":{"line":169,"column":79},"end":{"line":172,"column":10}},"skip":true},"13":{"name":"(anonymous_13)","line":180,"loc":{"start":{"line":180,"column":75},"end":{"line":183,"column":10}},"skip":true}},"statementMap":{"1":{"start":{"line":12,"column":0},"end":{"line":195,"column":5}},"2":{"start":{"line":14,"column":4},"end":{"line":14,"column":14}},"3":{"start":{"line":19,"column":4},"end":{"line":56,"column":9}},"4":{"start":{"line":21,"column":8},"end":{"line":21,"column":19}},"5":{"start":{"line":23,"column":8},"end":{"line":35,"column":13}},"6":{"start":{"line":24,"column":12},"end":{"line":34,"column":13}},"7":{"start":{"line":25,"column":16},"end":{"line":28,"column":30}},"8":{"start":{"line":30,"column":16},"end":{"line":33,"column":27}},"9":{"start":{"line":37,"column":8},"end":{"line":39,"column":21}},"10":{"start":{"line":40,"column":8},"end":{"line":53,"column":9}},"11":{"start":{"line":43,"column":12},"end":{"line":46,"column":14}},"12":{"start":{"line":47,"column":12},"end":{"line":47,"column":18}},"13":{"start":{"line":50,"column":12},"end":{"line":51,"column":33}},"14":{"start":{"line":52,"column":12},"end":{"line":52,"column":18}},"15":{"start":{"line":55,"column":8},"end":{"line":55,"column":35}},"16":{"start":{"line":61,"column":4},"end":{"line":63,"column":9}},"17":{"start":{"line":62,"column":8},"end":{"line":62,"column":15}},"18":{"start":{"line":64,"column":4},"end":{"line":77,"column":5}},"19":{"start":{"line":70,"column":8},"end":{"line":70,"column":14}},"20":{"start":{"line":76,"column":8},"end":{"line":76,"column":14}},"21":{"start":{"line":82,"column":4},"end":{"line":84,"column":9}},"22":{"start":{"line":83,"column":8},"end":{"line":83,"column":15}},"23":{"start":{"line":85,"column":4},"end":{"line":194,"column":5}},"24":{"start":{"line":91,"column":8},"end":{"line":99,"column":10}},"25":{"start":{"line":98,"column":12},"end":{"line":98,"column":35}},"26":{"start":{"line":102,"column":8},"end":{"line":104,"column":63}},"27":{"start":{"line":105,"column":8},"end":{"line":105,"column":14}},"28":{"start":{"line":112,"column":8},"end":{"line":121,"column":10},"skip":true},"29":{"start":{"line":119,"column":12},"end":{"line":119,"column":55},"skip":true},"30":{"start":{"line":120,"column":12},"end":{"line":120,"column":48},"skip":true},"31":{"start":{"line":123,"column":8},"end":{"line":136,"column":10},"skip":true},"32":{"start":{"line":130,"column":12},"end":{"line":130,"column":76},"skip":true},"33":{"start":{"line":131,"column":12},"end":{"line":131,"column":73},"skip":true},"34":{"start":{"line":132,"column":12},"end":{"line":132,"column":74},"skip":true},"35":{"start":{"line":133,"column":12},"end":{"line":133,"column":79},"skip":true},"36":{"start":{"line":134,"column":12},"end":{"line":134,"column":25},"skip":true},"37":{"start":{"line":135,"column":12},"end":{"line":135,"column":45},"skip":true},"38":{"start":{"line":138,"column":8},"end":{"line":145,"column":14},"skip":true},"39":{"start":{"line":143,"column":16},"end":{"line":143,"column":29},"skip":true},"40":{"start":{"line":144,"column":16},"end":{"line":144,"column":55},"skip":true},"41":{"start":{"line":147,"column":8},"end":{"line":156,"column":10},"skip":true},"42":{"start":{"line":154,"column":12},"end":{"line":154,"column":25},"skip":true},"43":{"start":{"line":155,"column":12},"end":{"line":155,"column":45},"skip":true},"44":{"start":{"line":158,"column":8},"end":{"line":167,"column":10},"skip":true},"45":{"start":{"line":165,"column":12},"end":{"line":165,"column":25},"skip":true},"46":{"start":{"line":166,"column":12},"end":{"line":166,"column":48},"skip":true},"47":{"start":{"line":169,"column":8},"end":{"line":178,"column":10},"skip":true},"48":{"start":{"line":176,"column":12},"end":{"line":176,"column":25},"skip":true},"49":{"start":{"line":177,"column":12},"end":{"line":177,"column":46},"skip":true},"50":{"start":{"line":180,"column":8},"end":{"line":189,"column":10},"skip":true},"51":{"start":{"line":187,"column":12},"end":{"line":187,"column":94},"skip":true},"52":{"start":{"line":188,"column":12},"end":{"line":188,"column":48},"skip":true},"53":{"start":{"line":192,"column":8},"end":{"line":192,"column":35},"skip":true},"54":{"start":{"line":193,"column":8},"end":{"line":193,"column":14},"skip":true}},"branchMap":{"1":{"line":25,"type":"binary-expr","locations":[{"start":{"line":25,"column":23},"end":{"line":25,"column":62}},{"start":{"line":26,"column":20},"end":{"line":26,"column":70}},{"start":{"line":27,"column":20},"end":{"line":27,"column":71}},{"start":{"line":28,"column":20},"end":{"line":28,"column":29}}]},"2":{"line":30,"type":"binary-expr","locations":[{"start":{"line":30,"column":23},"end":{"line":30,"column":37}},{"start":{"line":31,"column":20},"end":{"line":31,"column":61}},{"start":{"line":32,"column":20},"end":{"line":32,"column":70}},{"start":{"line":33,"column":20},"end":{"line":33,"column":26}}]},"3":{"line":37,"type":"cond-expr","locations":[{"start":{"line":38,"column":14},"end":{"line":38,"column":20}},{"start":{"line":39,"column":14},"end":{"line":39,"column":20}}]},"4":{"line":40,"type":"switch","locations":[{"start":{"line":42,"column":8},"end":{"line":47,"column":18}},{"start":{"line":49,"column":8},"end":{"line":52,"column":18}}]},"5":{"line":44,"type":"binary-expr","locations":[{"start":{"line":44,"column":16},"end":{"line":44,"column":44}},{"start":{"line":44,"column":48},"end":{"line":44,"column":66}}]},"6":{"line":50,"type":"binary-expr","locations":[{"start":{"line":50,"column":21},"end":{"line":50,"column":49}},{"start":{"line":50,"column":53},"end":{"line":50,"column":72}}]},"7":{"line":64,"type":"switch","locations":[{"start":{"line":69,"column":4},"end":{"line":70,"column":14}},{"start":{"line":75,"column":4},"end":{"line":76,"column":14}}]},"8":{"line":85,"type":"switch","locations":[{"start":{"line":90,"column":4},"end":{"line":105,"column":14}},{"start":{"line":111,"column":4},"end":{"line":193,"column":14},"skip":true}]},"9":{"line":91,"type":"binary-expr","locations":[{"start":{"line":91,"column":42},"end":{"line":91,"column":73}},{"start":{"line":91,"column":77},"end":{"line":99,"column":9}}]},"10":{"line":102,"type":"binary-expr","locations":[{"start":{"line":102,"column":18},"end":{"line":102,"column":32}},{"start":{"line":103,"column":12},"end":{"line":103,"column":53}},{"start":{"line":104,"column":12},"end":{"line":104,"column":61}}]},"11":{"line":112,"type":"binary-expr","locations":[{"start":{"line":112,"column":45},"end":{"line":112,"column":79},"skip":true},{"start":{"line":112,"column":83},"end":{"line":121,"column":9},"skip":true}]},"12":{"line":123,"type":"binary-expr","locations":[{"start":{"line":123,"column":42},"end":{"line":123,"column":73},"skip":true},{"start":{"line":123,"column":77},"end":{"line":136,"column":9},"skip":true}]},"13":{"line":138,"type":"binary-expr","locations":[{"start":{"line":138,"column":48},"end":{"line":138,"column":85},"skip":true},{"start":{"line":139,"column":12},"end":{"line":145,"column":13},"skip":true}]},"14":{"line":147,"type":"binary-expr","locations":[{"start":{"line":147,"column":42},"end":{"line":147,"column":73},"skip":true},{"start":{"line":147,"column":77},"end":{"line":156,"column":9},"skip":true}]},"15":{"line":158,"type":"binary-expr","locations":[{"start":{"line":158,"column":45},"end":{"line":158,"column":79},"skip":true},{"start":{"line":158,"column":83},"end":{"line":167,"column":9},"skip":true}]},"16":{"line":169,"type":"binary-expr","locations":[{"start":{"line":169,"column":43},"end":{"line":169,"column":75},"skip":true},{"start":{"line":169,"column":79},"end":{"line":178,"column":9},"skip":true}]},"17":{"line":180,"type":"binary-expr","locations":[{"start":{"line":180,"column":41},"end":{"line":180,"column":71},"skip":true},{"start":{"line":180,"column":75},"end":{"line":189,"column":9},"skip":true}]}},"code":["/* istanbul instrument in package npmtest_algorithms */","/*jslint","    bitwise: true,","    browser: true,","    maxerr: 8,","    maxlen: 96,","    node: true,","    nomen: true,","    regexp: true,","    stupid: true","*/","(function () {","    'use strict';","    var local;","","","","    // run shared js-env code - pre-init","    (function () {","        // init local","        local = {};","        // init modeJs","        local.modeJs = (function () {","            try {","                return typeof navigator.userAgent === 'string' &&","                    typeof document.querySelector('body') === 'object' &&","                    typeof XMLHttpRequest.prototype.open === 'function' &&","                    'browser';","            } catch (errorCaughtBrowser) {","                return module.exports &&","                    typeof process.versions.node === 'string' &&","                    typeof require('http').createServer === 'function' &&","                    'node';","            }","        }());","        // init global","        local.global = local.modeJs === 'browser'","            ? window","            : global;","        switch (local.modeJs) {","        // re-init local from window.local","        case 'browser':","            local = local.global.utility2.objectSetDefault(","                local.global.utility2_rollup || local.global.local,","                local.global.utility2","            );","            break;","        // re-init local from example.js","        case 'node':","            local = (local.global.utility2_rollup || require('utility2'))","                .requireReadme();","            break;","        }","        // export local","        local.global.local = local;","    }());","","","","    // run shared js-env code - function","    (function () {","        return;","    }());","    switch (local.modeJs) {","","","","    // run browser js-env code - function","    case 'browser':","        break;","","","","    // run node js-env code - function","    case 'node':","        break;","    }","","","","    // run shared js-env code - post-init","    (function () {","        return;","    }());","    switch (local.modeJs) {","","","","    // run browser js-env code - post-init","    case 'browser':","        local.testCase_browser_nullCase = local.testCase_browser_nullCase || function (","            options,","            onError","        ) {","        /*","         * this function will test browsers's null-case handling-behavior-behavior","         */","            onError(null, options);","        };","","        // run tests","        local.nop(local.modeTest &&","            document.querySelector('#testRunButton1') &&","            document.querySelector('#testRunButton1').click());","        break;","","","","    // run node js-env code - post-init","    /* istanbul ignore next */","    case 'node':","        local.testCase_buildApidoc_default = local.testCase_buildApidoc_default || function (","            options,","            onError","        ) {","        /*","         * this function will test buildApidoc's default handling-behavior-behavior","         */","            options = { modulePathList: module.paths };","            local.buildApidoc(options, onError);","        };","","        local.testCase_buildApp_default = local.testCase_buildApp_default || function (","            options,","            onError","        ) {","        /*","         * this function will test buildApp's default handling-behavior-behavior","         */","            local.testCase_buildReadme_default(options, local.onErrorThrow);","            local.testCase_buildLib_default(options, local.onErrorThrow);","            local.testCase_buildTest_default(options, local.onErrorThrow);","            local.testCase_buildCustomOrg_default(options, local.onErrorThrow);","            options = [];","            local.buildApp(options, onError);","        };","","        local.testCase_buildCustomOrg_default = local.testCase_buildCustomOrg_default ||","            function (options, onError) {","            /*","             * this function will test buildCustomOrg's default handling-behavior","             */","                options = {};","                local.buildCustomOrg(options, onError);","            };","","        local.testCase_buildLib_default = local.testCase_buildLib_default || function (","            options,","            onError","        ) {","        /*","         * this function will test buildLib's default handling-behavior","         */","            options = {};","            local.buildLib(options, onError);","        };","","        local.testCase_buildReadme_default = local.testCase_buildReadme_default || function (","            options,","            onError","        ) {","        /*","         * this function will test buildReadme's default handling-behavior-behavior","         */","            options = {};","            local.buildReadme(options, onError);","        };","","        local.testCase_buildTest_default = local.testCase_buildTest_default || function (","            options,","            onError","        ) {","        /*","         * this function will test buildTest's default handling-behavior","         */","            options = {};","            local.buildTest(options, onError);","        };","","        local.testCase_webpage_default = local.testCase_webpage_default || function (","            options,","            onError","        ) {","        /*","         * this function will test webpage's default handling-behavior","         */","            options = { modeCoverageMerge: true, url: local.serverLocalHost + '?modeTest=1' };","            local.browserTest(options, onError);","        };","","        // run test-server","        local.testRunServer(local);","        break;","    }","}());",""],"l":{"12":2,"14":2,"19":2,"21":2,"23":2,"24":2,"25":2,"30":1,"37":2,"40":2,"43":1,"47":1,"50":1,"52":1,"55":2,"61":2,"62":2,"64":2,"70":1,"76":1,"82":2,"83":2,"85":2,"91":1,"98":1,"102":1,"105":1,"112":1,"119":1,"120":1,"123":1,"130":1,"131":1,"132":1,"133":1,"134":1,"135":1,"138":1,"143":2,"144":2,"147":1,"154":2,"155":2,"158":1,"165":2,"166":2,"169":1,"176":2,"177":2,"180":1,"187":1,"188":1,"192":1,"193":1}},"/home/travis/build/npmtest/node-npmtest-algorithms/lib.npmtest_algorithms.js":{"path":"/home/travis/build/npmtest/node-npmtest-algorithms/lib.npmtest_algorithms.js","s":{"1":2,"2":2,"3":2,"4":2,"5":2,"6":2,"7":2,"8":1,"9":2,"10":2,"11":2,"12":2,"13":1,"14":1,"15":1,"16":1},"b":{"1":[2,1,1,1],"2":[1,1,1,1],"3":[1,1],"4":[2,2],"5":[1,1]},"f":{"1":2,"2":2,"3":2},"fnMap":{"1":{"name":"(anonymous_1)","line":12,"loc":{"start":{"line":12,"column":1},"end":{"line":12,"column":13}}},"2":{"name":"(anonymous_2)","line":19,"loc":{"start":{"line":19,"column":5},"end":{"line":19,"column":17}}},"3":{"name":"(anonymous_3)","line":23,"loc":{"start":{"line":23,"column":24},"end":{"line":23,"column":36}}}},"statementMap":{"1":{"start":{"line":12,"column":0},"end":{"line":53,"column":5}},"2":{"start":{"line":14,"column":4},"end":{"line":14,"column":14}},"3":{"start":{"line":19,"column":4},"end":{"line":52,"column":9}},"4":{"start":{"line":21,"column":8},"end":{"line":21,"column":19}},"5":{"start":{"line":23,"column":8},"end":{"line":35,"column":13}},"6":{"start":{"line":24,"column":12},"end":{"line":34,"column":13}},"7":{"start":{"line":25,"column":16},"end":{"line":28,"column":30}},"8":{"start":{"line":30,"column":16},"end":{"line":33,"column":27}},"9":{"start":{"line":37,"column":8},"end":{"line":39,"column":21}},"10":{"start":{"line":41,"column":8},"end":{"line":41,"column":54}},"11":{"start":{"line":43,"column":8},"end":{"line":43,"column":55}},"12":{"start":{"line":45,"column":8},"end":{"line":51,"column":9}},"13":{"start":{"line":46,"column":12},"end":{"line":46,"column":61}},"14":{"start":{"line":48,"column":12},"end":{"line":48,"column":35}},"15":{"start":{"line":49,"column":12},"end":{"line":49,"column":49}},"16":{"start":{"line":50,"column":12},"end":{"line":50,"column":43}}},"branchMap":{"1":{"line":25,"type":"binary-expr","locations":[{"start":{"line":25,"column":23},"end":{"line":25,"column":62}},{"start":{"line":26,"column":20},"end":{"line":26,"column":70}},{"start":{"line":27,"column":20},"end":{"line":27,"column":71}},{"start":{"line":28,"column":20},"end":{"line":28,"column":29}}]},"2":{"line":30,"type":"binary-expr","locations":[{"start":{"line":30,"column":23},"end":{"line":30,"column":37}},{"start":{"line":31,"column":20},"end":{"line":31,"column":61}},{"start":{"line":32,"column":20},"end":{"line":32,"column":70}},{"start":{"line":33,"column":20},"end":{"line":33,"column":26}}]},"3":{"line":37,"type":"cond-expr","locations":[{"start":{"line":38,"column":14},"end":{"line":38,"column":20}},{"start":{"line":39,"column":14},"end":{"line":39,"column":20}}]},"4":{"line":41,"type":"binary-expr","locations":[{"start":{"line":41,"column":16},"end":{"line":41,"column":44}},{"start":{"line":41,"column":48},"end":{"line":41,"column":53}}]},"5":{"line":45,"type":"if","locations":[{"start":{"line":45,"column":8},"end":{"line":45,"column":8}},{"start":{"line":45,"column":8},"end":{"line":45,"column":8}}]}},"code":["/* istanbul instrument in package npmtest_algorithms */","/*jslint","    bitwise: true,","    browser: true,","    maxerr: 8,","    maxlen: 96,","    node: true,","    nomen: true,","    regexp: true,","    stupid: true","*/","(function () {","    'use strict';","    var local;","","","","    // run shared js-env code - pre-init","    (function () {","        // init local","        local = {};","        // init modeJs","        local.modeJs = (function () {","            try {","                return typeof navigator.userAgent === 'string' &&","                    typeof document.querySelector('body') === 'object' &&","                    typeof XMLHttpRequest.prototype.open === 'function' &&","                    'browser';","            } catch (errorCaughtBrowser) {","                return module.exports &&","                    typeof process.versions.node === 'string' &&","                    typeof require('http').createServer === 'function' &&","                    'node';","            }","        }());","        // init global","        local.global = local.modeJs === 'browser'","            ? window","            : global;","        // init utility2_rollup","        local = local.global.utility2_rollup || local;","        // init lib","        local.local = local.npmtest_algorithms = local;","        // init exports","        if (local.modeJs === 'browser') {","            local.global.utility2_npmtest_algorithms = local;","        } else {","            module.exports = local;","            module.exports.__dirname = __dirname;","            module.exports.module = module;","        }","    }());","}());",""],"l":{"12":2,"14":2,"19":2,"21":2,"23":2,"24":2,"25":2,"30":1,"37":2,"41":2,"43":2,"45":2,"46":1,"48":1,"49":1,"50":1}},"/home/travis/build/npmtest/node-npmtest-algorithms/example.js":{"path":"/home/travis/build/npmtest/node-npmtest-algorithms/example.js","s":{"1":2,"2":2,"3":2,"4":2,"5":2,"6":2,"7":2,"8":1,"9":2,"10":2,"11":2,"12":2,"13":1,"14":2,"15":2,"16":2,"17":2,"18":2,"19":0,"20":2,"21":1,"22":1,"23":1,"24":1,"25":1,"26":0,"27":0,"28":1,"29":1,"30":2,"31":0,"32":0,"33":0,"34":1,"35":2,"36":2,"37":3,"38":3,"39":3,"40":3,"41":0,"42":3,"43":3,"44":3,"45":1,"46":3,"47":1,"48":1,"49":1,"50":1,"51":1,"52":1,"53":1,"54":1,"55":1,"56":1,"57":0,"58":1,"59":6,"60":6,"61":1,"62":2,"63":0,"64":2,"65":1,"66":1,"67":0,"68":0,"69":0,"70":0,"71":0,"72":0,"73":0,"74":0,"75":0,"76":0,"77":0,"78":0,"79":0,"80":0,"81":0,"82":0,"83":0},"b":{"1":[2,1,1,1],"2":[1,1,1,1],"3":[1,1],"4":[2,2],"5":[1,1],"6":[1,1],"7":[2,0],"8":[2,1,1,1,1,1],"9":[0,2,0],"10":[1,1],"11":[2,1,1],"12":[1,0],"13":[0,2],"14":[2,0,0,0,0,0,0],"15":[0,3],"16":[3,0],"17":[1,1],"18":[0,1],"19":[1,2,0,2],"20":[1,0],"21":[1,1],"22":[0,0],"23":[0,0],"24":[0,0],"25":[0,0],"26":[0,0],"27":[0,0],"28":[0,0]},"f":{"1":2,"2":2,"3":2,"4":2,"5":2,"6":2,"7":3,"8":3,"9":3,"10":1,"11":6,"12":0},"fnMap":{"1":{"name":"(anonymous_1)","line":26,"loc":{"start":{"line":26,"column":1},"end":{"line":26,"column":13}}},"2":{"name":"(anonymous_2)","line":33,"loc":{"start":{"line":33,"column":5},"end":{"line":33,"column":17}}},"3":{"name":"(anonymous_3)","line":37,"loc":{"start":{"line":37,"column":24},"end":{"line":37,"column":36}}},"4":{"name":"(anonymous_4)","line":69,"loc":{"start":{"line":69,"column":31},"end":{"line":69,"column":48}},"skip":true},"5":{"name":"(anonymous_5)","line":78,"loc":{"start":{"line":78,"column":26},"end":{"line":78,"column":45}},"skip":true},"6":{"name":"(anonymous_6)","line":123,"loc":{"start":{"line":123,"column":33},"end":{"line":123,"column":48}},"skip":true},"7":{"name":"(anonymous_7)","line":125,"loc":{"start":{"line":125,"column":27},"end":{"line":125,"column":39}},"skip":true},"8":{"name":"(anonymous_8)","line":133,"loc":{"start":{"line":133,"column":59},"end":{"line":133,"column":74}},"skip":true},"9":{"name":"(anonymous_9)","line":143,"loc":{"start":{"line":143,"column":45},"end":{"line":143,"column":62}},"skip":true},"10":{"name":"(anonymous_10)","line":144,"loc":{"start":{"line":144,"column":73},"end":{"line":144,"column":92}},"skip":true},"11":{"name":"(anonymous_11)","line":272,"loc":{"start":{"line":272,"column":51},"end":{"line":272,"column":77}},"skip":true},"12":{"name":"(anonymous_12)","line":315,"loc":{"start":{"line":315,"column":32},"end":{"line":315,"column":61}},"skip":true}},"statementMap":{"1":{"start":{"line":26,"column":0},"end":{"line":326,"column":5}},"2":{"start":{"line":28,"column":4},"end":{"line":28,"column":14}},"3":{"start":{"line":33,"column":4},"end":{"line":60,"column":9}},"4":{"start":{"line":35,"column":8},"end":{"line":35,"column":19}},"5":{"start":{"line":37,"column":8},"end":{"line":49,"column":13}},"6":{"start":{"line":38,"column":12},"end":{"line":48,"column":13}},"7":{"start":{"line":39,"column":16},"end":{"line":42,"column":30}},"8":{"start":{"line":44,"column":16},"end":{"line":47,"column":27}},"9":{"start":{"line":51,"column":8},"end":{"line":53,"column":21}},"10":{"start":{"line":55,"column":8},"end":{"line":57,"column":45}},"11":{"start":{"line":59,"column":8},"end":{"line":59,"column":35}},"12":{"start":{"line":61,"column":4},"end":{"line":325,"column":5}},"13":{"start":{"line":69,"column":8},"end":{"line":121,"column":10},"skip":true},"14":{"start":{"line":70,"column":12},"end":{"line":88,"column":13},"skip":true},"15":{"start":{"line":76,"column":16},"end":{"line":87,"column":19},"skip":true},"16":{"start":{"line":79,"column":20},"end":{"line":86,"column":21},"skip":true},"17":{"start":{"line":82,"column":24},"end":{"line":82,"column":43},"skip":true},"18":{"start":{"line":83,"column":24},"end":{"line":83,"column":30},"skip":true},"19":{"start":{"line":85,"column":24},"end":{"line":85,"column":49},"skip":true},"20":{"start":{"line":89,"column":12},"end":{"line":107,"column":13},"skip":true},"21":{"start":{"line":92,"column":16},"end":{"line":102,"column":17},"skip":true},"22":{"start":{"line":93,"column":20},"end":{"line":93,"column":86},"skip":true},"23":{"start":{"line":94,"column":20},"end":{"line":95,"column":45},"skip":true},"24":{"start":{"line":96,"column":20},"end":{"line":96,"column":42},"skip":true},"25":{"start":{"line":97,"column":20},"end":{"line":97,"column":48},"skip":true},"26":{"start":{"line":100,"column":20},"end":{"line":100,"column":85},"skip":true},"27":{"start":{"line":101,"column":20},"end":{"line":101,"column":96},"skip":true},"28":{"start":{"line":103,"column":16},"end":{"line":103,"column":22},"skip":true},"29":{"start":{"line":106,"column":16},"end":{"line":106,"column":22},"skip":true},"30":{"start":{"line":108,"column":12},"end":{"line":120,"column":13},"skip":true},"31":{"start":{"line":114,"column":16},"end":{"line":119,"column":17},"skip":true},"32":{"start":{"line":116,"column":20},"end":{"line":116,"column":78},"skip":true},"33":{"start":{"line":118,"column":20},"end":{"line":118,"column":47},"skip":true},"34":{"start":{"line":123,"column":8},"end":{"line":141,"column":11},"skip":true},"35":{"start":{"line":124,"column":12},"end":{"line":124,"column":54},"skip":true},"36":{"start":{"line":125,"column":12},"end":{"line":140,"column":14},"skip":true},"37":{"start":{"line":126,"column":16},"end":{"line":126,"column":28},"skip":true},"38":{"start":{"line":127,"column":16},"end":{"line":127,"column":69},"skip":true},"39":{"start":{"line":128,"column":16},"end":{"line":128,"column":75},"skip":true},"40":{"start":{"line":129,"column":16},"end":{"line":131,"column":17},"skip":true},"41":{"start":{"line":130,"column":20},"end":{"line":130,"column":27},"skip":true},"42":{"start":{"line":133,"column":16},"end":{"line":137,"column":36},"skip":true},"43":{"start":{"line":134,"column":20},"end":{"line":136,"column":55},"skip":true},"44":{"start":{"line":139,"column":16},"end":{"line":139,"column":57},"skip":true},"45":{"start":{"line":143,"column":8},"end":{"line":147,"column":11},"skip":true},"46":{"start":{"line":144,"column":12},"end":{"line":146,"column":15},"skip":true},"47":{"start":{"line":145,"column":16},"end":{"line":145,"column":70},"skip":true},"48":{"start":{"line":149,"column":8},"end":{"line":149,"column":31},"skip":true},"49":{"start":{"line":150,"column":8},"end":{"line":150,"column":14},"skip":true},"50":{"start":{"line":158,"column":8},"end":{"line":158,"column":31},"skip":true},"51":{"start":{"line":160,"column":8},"end":{"line":160,"column":33},"skip":true},"52":{"start":{"line":161,"column":8},"end":{"line":161,"column":37},"skip":true},"53":{"start":{"line":162,"column":8},"end":{"line":162,"column":35},"skip":true},"54":{"start":{"line":164,"column":8},"end":{"line":164,"column":50},"skip":true},"55":{"start":{"line":166,"column":8},"end":{"line":256,"column":2},"skip":true},"56":{"start":{"line":258,"column":8},"end":{"line":286,"column":9},"skip":true},"57":{"start":{"line":259,"column":12},"end":{"line":269,"column":14},"skip":true},"58":{"start":{"line":271,"column":12},"end":{"line":285,"column":19},"skip":true},"59":{"start":{"line":274,"column":20},"end":{"line":274,"column":35},"skip":true},"60":{"start":{"line":275,"column":20},"end":{"line":284,"column":21},"skip":true},"61":{"start":{"line":277,"column":24},"end":{"line":277,"column":64},"skip":true},"62":{"start":{"line":279,"column":24},"end":{"line":279,"column":40},"skip":true},"63":{"start":{"line":281,"column":24},"end":{"line":281,"column":40},"skip":true},"64":{"start":{"line":283,"column":24},"end":{"line":283,"column":39},"skip":true},"65":{"start":{"line":288,"column":8},"end":{"line":290,"column":9},"skip":true},"66":{"start":{"line":289,"column":12},"end":{"line":289,"column":18},"skip":true},"67":{"start":{"line":291,"column":8},"end":{"line":293,"column":54},"skip":true},"68":{"start":{"line":296,"column":8},"end":{"line":301,"column":37},"skip":true},"69":{"start":{"line":303,"column":8},"end":{"line":303,"column":82},"skip":true},"70":{"start":{"line":306,"column":8},"end":{"line":308,"column":9},"skip":true},"71":{"start":{"line":307,"column":12},"end":{"line":307,"column":82},"skip":true},"72":{"start":{"line":310,"column":8},"end":{"line":312,"column":9},"skip":true},"73":{"start":{"line":311,"column":12},"end":{"line":311,"column":18},"skip":true},"74":{"start":{"line":313,"column":8},"end":{"line":313,"column":54},"skip":true},"75":{"start":{"line":314,"column":8},"end":{"line":314,"column":69},"skip":true},"76":{"start":{"line":315,"column":8},"end":{"line":323,"column":36},"skip":true},"77":{"start":{"line":316,"column":12},"end":{"line":316,"column":61},"skip":true},"78":{"start":{"line":317,"column":12},"end":{"line":320,"column":13},"skip":true},"79":{"start":{"line":318,"column":16},"end":{"line":318,"column":75},"skip":true},"80":{"start":{"line":319,"column":16},"end":{"line":319,"column":23},"skip":true},"81":{"start":{"line":321,"column":12},"end":{"line":321,"column":38},"skip":true},"82":{"start":{"line":322,"column":12},"end":{"line":322,"column":27},"skip":true},"83":{"start":{"line":324,"column":8},"end":{"line":324,"column":14},"skip":true}},"branchMap":{"1":{"line":39,"type":"binary-expr","locations":[{"start":{"line":39,"column":23},"end":{"line":39,"column":62}},{"start":{"line":40,"column":20},"end":{"line":40,"column":70}},{"start":{"line":41,"column":20},"end":{"line":41,"column":71}},{"start":{"line":42,"column":20},"end":{"line":42,"column":29}}]},"2":{"line":44,"type":"binary-expr","locations":[{"start":{"line":44,"column":23},"end":{"line":44,"column":37}},{"start":{"line":45,"column":20},"end":{"line":45,"column":61}},{"start":{"line":46,"column":20},"end":{"line":46,"column":70}},{"start":{"line":47,"column":20},"end":{"line":47,"column":26}}]},"3":{"line":51,"type":"cond-expr","locations":[{"start":{"line":52,"column":14},"end":{"line":52,"column":20}},{"start":{"line":53,"column":14},"end":{"line":53,"column":20}}]},"4":{"line":55,"type":"binary-expr","locations":[{"start":{"line":55,"column":16},"end":{"line":55,"column":44}},{"start":{"line":55,"column":49},"end":{"line":57,"column":43}}]},"5":{"line":55,"type":"cond-expr","locations":[{"start":{"line":56,"column":14},"end":{"line":56,"column":54}},{"start":{"line":57,"column":14},"end":{"line":57,"column":43}}]},"6":{"line":61,"type":"switch","locations":[{"start":{"line":68,"column":4},"end":{"line":150,"column":14},"skip":true},{"start":{"line":156,"column":4},"end":{"line":324,"column":14},"skip":true}]},"7":{"line":70,"type":"if","locations":[{"start":{"line":70,"column":12},"end":{"line":70,"column":12},"skip":true},{"start":{"line":70,"column":12},"end":{"line":70,"column":12},"skip":true}]},"8":{"line":70,"type":"binary-expr","locations":[{"start":{"line":70,"column":16},"end":{"line":70,"column":22},"skip":true},{"start":{"line":70,"column":27},"end":{"line":70,"column":32},"skip":true},{"start":{"line":71,"column":20},"end":{"line":71,"column":39},"skip":true},{"start":{"line":72,"column":20},"end":{"line":72,"column":49},"skip":true},{"start":{"line":73,"column":20},"end":{"line":73,"column":58},"skip":true},{"start":{"line":74,"column":20},"end":{"line":74,"column":69},"skip":true}]},"9":{"line":79,"type":"switch","locations":[{"start":{"line":80,"column":20},"end":{"line":80,"column":33},"skip":true},{"start":{"line":81,"column":20},"end":{"line":83,"column":30},"skip":true},{"start":{"line":84,"column":20},"end":{"line":85,"column":49},"skip":true}]},"10":{"line":89,"type":"switch","locations":[{"start":{"line":90,"column":12},"end":{"line":103,"column":22},"skip":true},{"start":{"line":105,"column":12},"end":{"line":106,"column":22},"skip":true}]},"11":{"line":89,"type":"binary-expr","locations":[{"start":{"line":89,"column":20},"end":{"line":89,"column":25},"skip":true},{"start":{"line":89,"column":29},"end":{"line":89,"column":48},"skip":true},{"start":{"line":89,"column":52},"end":{"line":89,"column":74},"skip":true}]},"12":{"line":92,"type":"if","locations":[{"start":{"line":92,"column":16},"end":{"line":92,"column":16},"skip":true},{"start":{"line":92,"column":16},"end":{"line":92,"column":16},"skip":true}]},"13":{"line":108,"type":"if","locations":[{"start":{"line":108,"column":12},"end":{"line":108,"column":12},"skip":true},{"start":{"line":108,"column":12},"end":{"line":108,"column":12},"skip":true}]},"14":{"line":108,"type":"binary-expr","locations":[{"start":{"line":108,"column":16},"end":{"line":108,"column":61},"skip":true},{"start":{"line":108,"column":66},"end":{"line":108,"column":72},"skip":true},{"start":{"line":108,"column":77},"end":{"line":108,"column":82},"skip":true},{"start":{"line":109,"column":20},"end":{"line":109,"column":39},"skip":true},{"start":{"line":110,"column":20},"end":{"line":110,"column":49},"skip":true},{"start":{"line":111,"column":20},"end":{"line":111,"column":58},"skip":true},{"start":{"line":112,"column":20},"end":{"line":112,"column":68},"skip":true}]},"15":{"line":129,"type":"if","locations":[{"start":{"line":129,"column":16},"end":{"line":129,"column":16},"skip":true},{"start":{"line":129,"column":16},"end":{"line":129,"column":16},"skip":true}]},"16":{"line":134,"type":"cond-expr","locations":[{"start":{"line":135,"column":26},"end":{"line":135,"column":29},"skip":true},{"start":{"line":136,"column":26},"end":{"line":136,"column":54},"skip":true}]},"17":{"line":164,"type":"binary-expr","locations":[{"start":{"line":164,"column":27},"end":{"line":164,"column":43},"skip":true},{"start":{"line":164,"column":47},"end":{"line":164,"column":49},"skip":true}]},"18":{"line":258,"type":"if","locations":[{"start":{"line":258,"column":8},"end":{"line":258,"column":8},"skip":true},{"start":{"line":258,"column":8},"end":{"line":258,"column":8},"skip":true}]},"19":{"line":275,"type":"switch","locations":[{"start":{"line":276,"column":20},"end":{"line":277,"column":64},"skip":true},{"start":{"line":278,"column":20},"end":{"line":279,"column":40},"skip":true},{"start":{"line":280,"column":20},"end":{"line":281,"column":40},"skip":true},{"start":{"line":282,"column":20},"end":{"line":283,"column":39},"skip":true}]},"20":{"line":288,"type":"if","locations":[{"start":{"line":288,"column":8},"end":{"line":288,"column":8},"skip":true},{"start":{"line":288,"column":8},"end":{"line":288,"column":8},"skip":true}]},"21":{"line":288,"type":"binary-expr","locations":[{"start":{"line":288,"column":12},"end":{"line":288,"column":40},"skip":true},{"start":{"line":288,"column":44},"end":{"line":288,"column":67},"skip":true}]},"22":{"line":292,"type":"binary-expr","locations":[{"start":{"line":292,"column":12},"end":{"line":292,"column":50},"skip":true},{"start":{"line":293,"column":12},"end":{"line":293,"column":53},"skip":true}]},"23":{"line":297,"type":"binary-expr","locations":[{"start":{"line":297,"column":12},"end":{"line":297,"column":68},"skip":true},{"start":{"line":298,"column":12},"end":{"line":301,"column":36},"skip":true}]},"24":{"line":303,"type":"binary-expr","locations":[{"start":{"line":303,"column":43},"end":{"line":303,"column":75},"skip":true},{"start":{"line":303,"column":79},"end":{"line":303,"column":81},"skip":true}]},"25":{"line":306,"type":"if","locations":[{"start":{"line":306,"column":8},"end":{"line":306,"column":8},"skip":true},{"start":{"line":306,"column":8},"end":{"line":306,"column":8},"skip":true}]},"26":{"line":310,"type":"if","locations":[{"start":{"line":310,"column":8},"end":{"line":310,"column":8},"skip":true},{"start":{"line":310,"column":8},"end":{"line":310,"column":8},"skip":true}]},"27":{"line":313,"type":"binary-expr","locations":[{"start":{"line":313,"column":27},"end":{"line":313,"column":43},"skip":true},{"start":{"line":313,"column":47},"end":{"line":313,"column":53},"skip":true}]},"28":{"line":317,"type":"if","locations":[{"start":{"line":317,"column":12},"end":{"line":317,"column":12},"skip":true},{"start":{"line":317,"column":12},"end":{"line":317,"column":12},"skip":true}]}},"code":["/*","example.js","","quickstart example","","instruction","    1. save this script as example.js","    2. run the shell command:","        $ npm install npmtest-algorithms && PORT=8081 node example.js","    3. play with the browser-demo on http://127.0.0.1:8081","*/","","","","/* istanbul instrument in package npmtest_algorithms */","/*jslint","    bitwise: true,","    browser: true,","    maxerr: 8,","    maxlen: 96,","    node: true,","    nomen: true,","    regexp: true,","    stupid: true","*/","(function () {","    'use strict';","    var local;","","","","    // run shared js-env code - pre-init","    (function () {","        // init local","        local = {};","        // init modeJs","        local.modeJs = (function () {","            try {","                return typeof navigator.userAgent === 'string' &&","                    typeof document.querySelector('body') === 'object' &&","                    typeof XMLHttpRequest.prototype.open === 'function' &&","                    'browser';","            } catch (errorCaughtBrowser) {","                return module.exports &&","                    typeof process.versions.node === 'string' &&","                    typeof require('http').createServer === 'function' &&","                    'node';","            }","        }());","        // init global","        local.global = local.modeJs === 'browser'","            ? window","            : global;","        // init utility2_rollup","        local = local.global.utility2_rollup || (local.modeJs === 'browser'","            ? local.global.utility2_npmtest_algorithms","            : global.utility2_moduleExports);","        // export local","        local.global.local = local;","    }());","    switch (local.modeJs) {","","","","    // post-init","    // run browser js-env code - post-init","    /* istanbul ignore next */","    case 'browser':","        local.testRunBrowser = function (event) {","            if (!event || (event &&","                    event.currentTarget &&","                    event.currentTarget.className &&","                    event.currentTarget.className.includes &&","                    event.currentTarget.className.includes('onreset'))) {","                // reset output","                Array.from(","                    document.querySelectorAll('body > .resettable')","                ).forEach(function (element) {","                    switch (element.tagName) {","                    case 'INPUT':","                    case 'TEXTAREA':","                        element.value = '';","                        break;","                    default:","                        element.textContent = '';","                    }","                });","            }","            switch (event && event.currentTarget && event.currentTarget.id) {","            case 'testRunButton1':","                // show tests","                if (document.querySelector('#testReportDiv1').style.display === 'none') {","                    document.querySelector('#testReportDiv1').style.display = 'block';","                    document.querySelector('#testRunButton1').textContent =","                        'hide internal test';","                    local.modeTest = true;","                    local.testRunDefault(local);","                // hide tests","                } else {","                    document.querySelector('#testReportDiv1').style.display = 'none';","                    document.querySelector('#testRunButton1').textContent = 'run internal test';","                }","                break;","            // custom-case","            default:","                break;","            }","            if (document.querySelector('#inputTextareaEval1') && (!event || (event &&","                    event.currentTarget &&","                    event.currentTarget.className &&","                    event.currentTarget.className.includes &&","                    event.currentTarget.className.includes('oneval')))) {","                // try to eval input-code","                try {","                    /*jslint evil: true*/","                    eval(document.querySelector('#inputTextareaEval1').value);","                } catch (errorCaught) {","                    console.error(errorCaught);","                }","            }","        };","        // log stderr and stdout to #outputTextareaStdout1","        ['error', 'log'].forEach(function (key) {","            console[key + '_original'] = console[key];","            console[key] = function () {","                var element;","                console[key + '_original'].apply(console, arguments);","                element = document.querySelector('#outputTextareaStdout1');","                if (!element) {","                    return;","                }","                // append text to #outputTextareaStdout1","                element.value += Array.from(arguments).map(function (arg) {","                    return typeof arg === 'string'","                        ? arg","                        : JSON.stringify(arg, null, 4);","                }).join(' ') + '\\n';","                // scroll textarea to bottom","                element.scrollTop = element.scrollHeight;","            };","        });","        // init event-handling","        ['change', 'click', 'keyup'].forEach(function (event) {","            Array.from(document.querySelectorAll('.on' + event)).forEach(function (element) {","                element.addEventListener(event, local.testRunBrowser);","            });","        });","        // run tests","        local.testRunBrowser();","        break;","","","","    // run node js-env code - post-init","    /* istanbul ignore next */","    case 'node':","        // export local","        module.exports = local;","        // require modules","        local.fs = require('fs');","        local.http = require('http');","        local.url = require('url');","        // init assets","        local.assetsDict = local.assetsDict || {};","        /* jslint-ignore-begin */","        local.assetsDict['/assets.index.template.html'] = '\\","<!doctype html>\\n\\","<html lang=\"en\">\\n\\","<head>\\n\\","<meta charset=\"UTF-8\">\\n\\","<meta name=\"viewport\" content=\"width=device-width, initial-scale=1\">\\n\\","<title>{{env.npm_package_name}} (v{{env.npm_package_version}})</title>\\n\\","<style>\\n\\","/*csslint\\n\\","    box-sizing: false,\\n\\","    universal-selector: false\\n\\","*/\\n\\","* {\\n\\","    box-sizing: border-box;\\n\\","}\\n\\","body {\\n\\","    background: #dde;\\n\\","    font-family: Arial, Helvetica, sans-serif;\\n\\","    margin: 2rem;\\n\\","}\\n\\","body > * {\\n\\","    margin-bottom: 1rem;\\n\\","}\\n\\",".utility2FooterDiv {\\n\\","    margin-top: 20px;\\n\\","    text-align: center;\\n\\","}\\n\\","</style>\\n\\","<style>\\n\\","/*csslint\\n\\","*/\\n\\","textarea {\\n\\","    font-family: monospace;\\n\\","    height: 10rem;\\n\\","    width: 100%;\\n\\","}\\n\\","textarea[readonly] {\\n\\","    background: #ddd;\\n\\","}\\n\\","</style>\\n\\","</head>\\n\\","<body>\\n\\","<!-- utility2-comment\\n\\","<div id=\"ajaxProgressDiv1\" style=\"background: #d00; height: 2px; left: 0; margin: 0; padding: 0; position: fixed; top: 0; transition: background 0.5s, width 1.5s; width: 25%;\"></div>\\n\\","utility2-comment -->\\n\\","<h1>\\n\\","<!-- utility2-comment\\n\\","    <a\\n\\","        {{#if env.npm_package_homepage}}\\n\\","        href=\"{{env.npm_package_homepage}}\"\\n\\","        {{/if env.npm_package_homepage}}\\n\\","        target=\"_blank\"\\n\\","    >\\n\\","utility2-comment -->\\n\\","        {{env.npm_package_name}} (v{{env.npm_package_version}})\\n\\","<!-- utility2-comment\\n\\","    </a>\\n\\","utility2-comment -->\\n\\","</h1>\\n\\","<h3>{{env.npm_package_description}}</h3>\\n\\","<!-- utility2-comment\\n\\","<h4><a download href=\"assets.app.js\">download standalone app</a></h4>\\n\\","<button class=\"onclick onreset\" id=\"testRunButton1\">run internal test</button><br>\\n\\","<div id=\"testReportDiv1\" style=\"display: none;\"></div>\\n\\","utility2-comment -->\\n\\","\\n\\","\\n\\","\\n\\","<label>stderr and stdout</label>\\n\\","<textarea class=\"resettable\" id=\"outputTextareaStdout1\" readonly></textarea>\\n\\","<!-- utility2-comment\\n\\","{{#if isRollup}}\\n\\","<script src=\"assets.app.js\"></script>\\n\\","{{#unless isRollup}}\\n\\","utility2-comment -->\\n\\","<script src=\"assets.utility2.rollup.js\"></script>\\n\\","<script src=\"jsonp.utility2._stateInit?callback=window.utility2._stateInit\"></script>\\n\\","<script src=\"assets.npmtest_algorithms.rollup.js\"></script>\\n\\","<script src=\"assets.example.js\"></script>\\n\\","<script src=\"assets.test.js\"></script>\\n\\","<!-- utility2-comment\\n\\","{{/if isRollup}}\\n\\","utility2-comment -->\\n\\","<div class=\"utility2FooterDiv\">\\n\\","    [ this app was created with\\n\\","    <a href=\"https://github.com/kaizhu256/node-utility2\" target=\"_blank\">utility2</a>\\n\\","    ]\\n\\","</div>\\n\\","</body>\\n\\","</html>\\n\\","';","        /* jslint-ignore-end */","        if (local.templateRender) {","            local.assetsDict['/'] = local.templateRender(","                local.assetsDict['/assets.index.template.html'],","                {","                    env: local.objectSetDefault(local.env, {","                        npm_package_description: 'the greatest app in the world!',","                        npm_package_name: 'my-app',","                        npm_package_nameAlias: 'my_app',","                        npm_package_version: '0.0.1'","                    })","                }","            );","        } else {","            local.assetsDict['/'] = local.assetsDict['/assets.index.template.html']","                .replace((/\\{\\{env\\.(\\w+?)\\}\\}/g), function (match0, match1) {","                    // jslint-hack","                    String(match0);","                    switch (match1) {","                    case 'npm_package_description':","                        return 'the greatest app in the world!';","                    case 'npm_package_name':","                        return 'my-app';","                    case 'npm_package_nameAlias':","                        return 'my_app';","                    case 'npm_package_version':","                        return '0.0.1';","                    }","                });","        }","        // run the cli","        if (local.global.utility2_rollup || module !== require.main) {","            break;","        }","        local.assetsDict['/assets.example.js'] =","            local.assetsDict['/assets.example.js'] ||","            local.fs.readFileSync(__filename, 'utf8');","        // bug-workaround - long $npm_package_buildCustomOrg","        /* jslint-ignore-begin */","        local.assetsDict['/assets.npmtest_algorithms.rollup.js'] =","            local.assetsDict['/assets.npmtest_algorithms.rollup.js'] ||","            local.fs.readFileSync(","                local.npmtest_algorithms.__dirname + '/lib.npmtest_algorithms.js',","                'utf8'","            ).replace((/^#!/), '//');","        /* jslint-ignore-end */","        local.assetsDict['/favicon.ico'] = local.assetsDict['/favicon.ico'] || '';","        // if $npm_config_timeout_exit exists,","        // then exit this process after $npm_config_timeout_exit ms","        if (Number(process.env.npm_config_timeout_exit)) {","            setTimeout(process.exit, Number(process.env.npm_config_timeout_exit));","        }","        // start server","        if (local.global.utility2_serverHttp1) {","            break;","        }","        process.env.PORT = process.env.PORT || '8081';","        console.error('server starting on port ' + process.env.PORT);","        local.http.createServer(function (request, response) {","            request.urlParsed = local.url.parse(request.url);","            if (local.assetsDict[request.urlParsed.pathname] !== undefined) {","                response.end(local.assetsDict[request.urlParsed.pathname]);","                return;","            }","            response.statusCode = 404;","            response.end();","        }).listen(process.env.PORT);","        break;","    }","}());",""],"l":{"26":2,"28":2,"33":2,"35":2,"37":2,"38":2,"39":2,"44":1,"51":2,"55":2,"59":2,"61":2,"69":1,"70":2,"76":2,"79":2,"82":2,"83":2,"85":1,"89":2,"92":1,"93":1,"94":1,"96":1,"97":1,"100":1,"101":1,"103":1,"106":1,"108":2,"114":1,"116":1,"118":1,"123":1,"124":2,"125":2,"126":3,"127":3,"128":3,"129":3,"130":1,"133":3,"134":3,"139":3,"143":1,"144":3,"145":1,"149":1,"150":1,"158":1,"160":1,"161":1,"162":1,"164":1,"166":1,"258":1,"259":1,"271":1,"274":6,"275":6,"277":1,"279":2,"281":1,"283":2,"288":1,"289":1,"291":1,"296":1,"303":1,"306":1,"307":1,"310":1,"311":1,"313":1,"314":1,"315":1,"316":1,"317":1,"318":1,"319":1,"321":1,"322":1,"324":1}},"/home/travis/build/npmtest/node-npmtest-algorithms/node_modules/algorithms/index.js":{"path":"/home/travis/build/npmtest/node-npmtest-algorithms/node_modules/algorithms/index.js","s":{"1":1,"2":1},"b":{},"f":{},"fnMap":{},"statementMap":{"1":{"start":{"line":3,"column":0},"end":{"line":11,"column":2}},"2":{"start":{"line":13,"column":0},"end":{"line":13,"column":21}}},"branchMap":{},"code":["'use strict';","","var lib = {","  DataStructures: require('./data_structures'),","  Graph: require('./graph'),","  Geometry: require('./geometry'),","  Math: require('./math'),","  Search: require('./search'),","  Sorting: require('./sorting'),","  String: require('./string')","};","","module.exports = lib;",""],"l":{"3":1,"13":1}},"/home/travis/build/npmtest/node-npmtest-algorithms/node_modules/algorithms/data_structures.js":{"path":"/home/travis/build/npmtest/node-npmtest-algorithms/node_modules/algorithms/data_structures.js","s":{"1":1},"b":{},"f":{},"fnMap":{},"statementMap":{"1":{"start":{"line":4,"column":0},"end":{"line":18,"column":2}}},"branchMap":{},"code":["'use strict';","","// Data Structures","module.exports = {","  AVLTree: require('./data_structures/avl_tree'),","  BST: require('./data_structures/bst'),","  Treap: require('./data_structures/treap'),","  Graph: require('./data_structures/graph'),","  HashTable: require('./data_structures/hash_table'),","  Heap: require('./data_structures/heap'),","  LinkedList: require('./data_structures/linked_list'),","  PriorityQueue: require('./data_structures/priority_queue'),","  Queue: require('./data_structures/queue'),","  Stack: require('./data_structures/stack'),","  Set: require('./data_structures/set'),","  DisjointSetForest: require('./data_structures/disjoint_set_forest'),","  FenwickTree: require('./data_structures/fenwick_tree')","};",""],"l":{"4":1}},"/home/travis/build/npmtest/node-npmtest-algorithms/node_modules/algorithms/data_structures/avl_tree.js":{"path":"/home/travis/build/npmtest/node-npmtest-algorithms/node_modules/algorithms/data_structures/avl_tree.js","s":{"1":1,"2":0,"3":1,"4":0,"5":0,"6":0,"7":0,"8":0,"9":1,"10":0,"11":0,"12":0,"13":0,"14":0,"15":0,"16":0,"17":0,"18":1,"19":0,"20":0,"21":0,"22":0,"23":0,"24":0,"25":0,"26":0,"27":1,"28":0,"29":0,"30":0,"31":0,"32":0,"33":0,"34":0,"35":0,"36":0,"37":0,"38":0,"39":0,"40":0,"41":0,"42":0,"43":0,"44":0,"45":0,"46":0,"47":0,"48":0,"49":0,"50":1,"51":0,"52":0,"53":0,"54":0,"55":0,"56":0,"57":0,"58":0,"59":0,"60":0,"61":0,"62":0,"63":0,"64":0,"65":0,"66":0,"67":0,"68":0,"69":1,"70":0,"71":0,"72":0,"73":0,"74":0,"75":0,"76":0,"77":0,"78":0,"79":1,"80":0,"81":0,"82":0,"83":0,"84":0,"85":0,"86":0,"87":0,"88":0,"89":0,"90":0,"91":1,"92":0,"93":0,"94":0,"95":0,"96":0,"97":0,"98":0,"99":0,"100":0,"101":0,"102":0,"103":0,"104":0,"105":0,"106":1,"107":0,"108":0,"109":0,"110":0,"111":0,"112":0,"113":0,"114":0,"115":0,"116":0,"117":0,"118":0,"119":0,"120":0,"121":1,"122":0,"123":0,"124":0,"125":0,"126":0,"127":0,"128":0,"129":0,"130":0,"131":0,"132":0,"133":0,"134":0,"135":0,"136":0,"137":0,"138":0,"139":0,"140":0,"141":1,"142":0,"143":0,"144":0,"145":0,"146":0,"147":0,"148":0,"149":0,"150":0,"151":0,"152":0,"153":0,"154":0,"155":0,"156":0,"157":0,"158":0,"159":0,"160":0,"161":1,"162":0,"163":0,"164":0,"165":0,"166":0,"167":0,"168":0,"169":0,"170":0,"171":0,"172":0,"173":0,"174":0,"175":1,"176":0,"177":0,"178":0,"179":0,"180":0,"181":0,"182":1,"183":0,"184":0,"185":0,"186":0,"187":0,"188":0,"189":1,"190":0,"191":0,"192":0,"193":0,"194":0,"195":0,"196":1,"197":0,"198":1,"199":0,"200":0,"201":0,"202":0,"203":0,"204":0,"205":0,"206":0,"207":0,"208":0,"209":1,"210":0,"211":0,"212":0,"213":0,"214":0,"215":0,"216":0,"217":0,"218":0,"219":1,"220":0,"221":0,"222":0,"223":0,"224":0,"225":0,"226":0,"227":0,"228":0,"229":0,"230":0,"231":0,"232":0,"233":0,"234":0,"235":0,"236":0,"237":0,"238":1,"239":0,"240":0,"241":0,"242":0,"243":0,"244":0,"245":1,"246":0,"247":0,"248":0,"249":0,"250":0,"251":0,"252":1,"253":0,"254":1,"255":0,"256":1,"257":0,"258":0,"259":0,"260":0,"261":1,"262":0,"263":0,"264":0,"265":0,"266":1},"b":{"1":[0,0],"2":[0,0],"3":[0,0],"4":[0,0],"5":[0,0],"6":[0,0],"7":[0,0],"8":[0,0],"9":[0,0],"10":[0,0],"11":[0,0],"12":[0,0],"13":[0,0],"14":[0,0],"15":[0,0],"16":[0,0],"17":[0,0],"18":[0,0],"19":[0,0],"20":[0,0],"21":[0,0],"22":[0,0],"23":[0,0],"24":[0,0],"25":[0,0],"26":[0,0],"27":[0,0],"28":[0,0],"29":[0,0],"30":[0,0],"31":[0,0],"32":[0,0],"33":[0,0],"34":[0,0],"35":[0,0],"36":[0,0],"37":[0,0],"38":[0,0],"39":[0,0],"40":[0,0],"41":[0,0],"42":[0,0],"43":[0,0],"44":[0,0],"45":[0,0],"46":[0,0],"47":[0,0],"48":[0,0],"49":[0,0],"50":[0,0],"51":[0,0],"52":[0,0],"53":[0,0],"54":[0,0],"55":[0,0],"56":[0,0],"57":[0,0],"58":[0,0],"59":[0,0],"60":[0,0],"61":[0,0],"62":[0,0],"63":[0,0],"64":[0,0],"65":[0,0],"66":[0,0],"67":[0,0],"68":[0,0],"69":[0,0],"70":[0,0],"71":[0,0],"72":[0,0],"73":[0,0],"74":[0,0],"75":[0,0],"76":[0,0],"77":[0,0],"78":[0,0],"79":[0,0],"80":[0,0],"81":[0,0],"82":[0,0],"83":[0,0],"84":[0,0],"85":[0,0],"86":[0,0],"87":[0,0],"88":[0,0],"89":[0,0],"90":[0,0],"91":[0,0,0],"92":[0,0]},"f":{"1":0,"2":0,"3":0,"4":0,"5":0,"6":0,"7":0,"8":0,"9":0,"10":0,"11":0,"12":0,"13":0,"14":0,"15":0,"16":0,"17":0,"18":0,"19":0,"20":0,"21":0,"22":0,"23":0,"24":0,"25":0,"26":0},"fnMap":{"1":{"name":"AVLTree","line":6,"loc":{"start":{"line":6,"column":0},"end":{"line":6,"column":19}}},"2":{"name":"Node","line":13,"loc":{"start":{"line":13,"column":0},"end":{"line":13,"column":50}}},"3":{"name":"(anonymous_3)","line":25,"loc":{"start":{"line":25,"column":34},"end":{"line":25,"column":50}}},"4":{"name":"(anonymous_4)","line":40,"loc":{"start":{"line":40,"column":35},"end":{"line":40,"column":51}}},"5":{"name":"(anonymous_5)","line":57,"loc":{"start":{"line":57,"column":53},"end":{"line":57,"column":78}}},"6":{"name":"(anonymous_6)","line":97,"loc":{"start":{"line":97,"column":53},"end":{"line":97,"column":78}}},"7":{"name":"(anonymous_7)","line":133,"loc":{"start":{"line":133,"column":38},"end":{"line":133,"column":67}}},"8":{"name":"(anonymous_8)","line":153,"loc":{"start":{"line":153,"column":32},"end":{"line":153,"column":62}}},"9":{"name":"(anonymous_9)","line":173,"loc":{"start":{"line":173,"column":31},"end":{"line":173,"column":50}}},"10":{"name":"(anonymous_10)","line":202,"loc":{"start":{"line":202,"column":29},"end":{"line":202,"column":48}}},"11":{"name":"(anonymous_11)","line":230,"loc":{"start":{"line":230,"column":30},"end":{"line":230,"column":49}}},"12":{"name":"(anonymous_12)","line":266,"loc":{"start":{"line":266,"column":30},"end":{"line":266,"column":49}}},"13":{"name":"(anonymous_13)","line":302,"loc":{"start":{"line":302,"column":27},"end":{"line":302,"column":53}}},"14":{"name":"(anonymous_14)","line":328,"loc":{"start":{"line":328,"column":28},"end":{"line":328,"column":57}}},"15":{"name":"(anonymous_15)","line":342,"loc":{"start":{"line":342,"column":30},"end":{"line":342,"column":59}}},"16":{"name":"(anonymous_16)","line":357,"loc":{"start":{"line":357,"column":29},"end":{"line":357,"column":58}}},"17":{"name":"(anonymous_17)","line":371,"loc":{"start":{"line":371,"column":25},"end":{"line":371,"column":42}}},"18":{"name":"(anonymous_18)","line":378,"loc":{"start":{"line":378,"column":26},"end":{"line":378,"column":52}}},"19":{"name":"(anonymous_19)","line":399,"loc":{"start":{"line":399,"column":33},"end":{"line":399,"column":71}}},"20":{"name":"(anonymous_20)","line":420,"loc":{"start":{"line":420,"column":27},"end":{"line":420,"column":44}}},"21":{"name":"(anonymous_21)","line":449,"loc":{"start":{"line":449,"column":29},"end":{"line":449,"column":54}}},"22":{"name":"(anonymous_22)","line":466,"loc":{"start":{"line":466,"column":29},"end":{"line":466,"column":54}}},"23":{"name":"(anonymous_23)","line":482,"loc":{"start":{"line":482,"column":28},"end":{"line":482,"column":40}}},"24":{"name":"(anonymous_24)","line":489,"loc":{"start":{"line":489,"column":28},"end":{"line":489,"column":40}}},"25":{"name":"(anonymous_25)","line":496,"loc":{"start":{"line":496,"column":35},"end":{"line":496,"column":47}}},"26":{"name":"(anonymous_26)","line":512,"loc":{"start":{"line":512,"column":34},"end":{"line":512,"column":46}}}},"statementMap":{"1":{"start":{"line":6,"column":0},"end":{"line":8,"column":1}},"2":{"start":{"line":7,"column":2},"end":{"line":7,"column":19}},"3":{"start":{"line":13,"column":0},"end":{"line":19,"column":1}},"4":{"start":{"line":14,"column":2},"end":{"line":14,"column":21}},"5":{"start":{"line":15,"column":2},"end":{"line":15,"column":19}},"6":{"start":{"line":16,"column":2},"end":{"line":16,"column":21}},"7":{"start":{"line":17,"column":2},"end":{"line":17,"column":23}},"8":{"start":{"line":18,"column":2},"end":{"line":18,"column":23}},"9":{"start":{"line":25,"column":0},"end":{"line":35,"column":2}},"10":{"start":{"line":26,"column":2},"end":{"line":26,"column":17}},"11":{"start":{"line":27,"column":2},"end":{"line":33,"column":3}},"12":{"start":{"line":28,"column":4},"end":{"line":28,"column":63}},"13":{"start":{"line":29,"column":9},"end":{"line":33,"column":3}},"14":{"start":{"line":30,"column":4},"end":{"line":30,"column":34}},"15":{"start":{"line":31,"column":9},"end":{"line":33,"column":3}},"16":{"start":{"line":32,"column":4},"end":{"line":32,"column":35}},"17":{"start":{"line":34,"column":2},"end":{"line":34,"column":16}},"18":{"start":{"line":40,"column":0},"end":{"line":51,"column":2}},"19":{"start":{"line":41,"column":2},"end":{"line":41,"column":24}},"20":{"start":{"line":43,"column":2},"end":{"line":49,"column":3}},"21":{"start":{"line":44,"column":4},"end":{"line":44,"column":71}},"22":{"start":{"line":45,"column":9},"end":{"line":49,"column":3}},"23":{"start":{"line":46,"column":4},"end":{"line":46,"column":39}},"24":{"start":{"line":47,"column":9},"end":{"line":49,"column":3}},"25":{"start":{"line":48,"column":4},"end":{"line":48,"column":38}},"26":{"start":{"line":50,"column":2},"end":{"line":50,"column":20}},"27":{"start":{"line":57,"column":0},"end":{"line":91,"column":2}},"28":{"start":{"line":59,"column":2},"end":{"line":59,"column":40}},"29":{"start":{"line":60,"column":2},"end":{"line":60,"column":32}},"30":{"start":{"line":64,"column":2},"end":{"line":64,"column":8}},"31":{"start":{"line":65,"column":2},"end":{"line":71,"column":3}},"32":{"start":{"line":66,"column":4},"end":{"line":66,"column":42}},"33":{"start":{"line":67,"column":9},"end":{"line":71,"column":3}},"34":{"start":{"line":68,"column":4},"end":{"line":68,"column":15}},"35":{"start":{"line":69,"column":9},"end":{"line":71,"column":3}},"36":{"start":{"line":70,"column":4},"end":{"line":70,"column":16}},"37":{"start":{"line":76,"column":2},"end":{"line":76,"column":8}},"38":{"start":{"line":77,"column":2},"end":{"line":89,"column":3}},"39":{"start":{"line":78,"column":4},"end":{"line":84,"column":5}},"40":{"start":{"line":79,"column":6},"end":{"line":79,"column":17}},"41":{"start":{"line":80,"column":11},"end":{"line":84,"column":5}},"42":{"start":{"line":81,"column":6},"end":{"line":81,"column":18}},"43":{"start":{"line":82,"column":11},"end":{"line":84,"column":5}},"44":{"start":{"line":83,"column":6},"end":{"line":83,"column":44}},"45":{"start":{"line":85,"column":9},"end":{"line":89,"column":3}},"46":{"start":{"line":86,"column":4},"end":{"line":86,"column":15}},"47":{"start":{"line":87,"column":9},"end":{"line":89,"column":3}},"48":{"start":{"line":88,"column":4},"end":{"line":88,"column":16}},"49":{"start":{"line":90,"column":2},"end":{"line":90,"column":19}},"50":{"start":{"line":97,"column":0},"end":{"line":127,"column":2}},"51":{"start":{"line":99,"column":2},"end":{"line":99,"column":40}},"52":{"start":{"line":100,"column":2},"end":{"line":100,"column":32}},"53":{"start":{"line":105,"column":2},"end":{"line":105,"column":40}},"54":{"start":{"line":106,"column":2},"end":{"line":106,"column":32}},"55":{"start":{"line":111,"column":2},"end":{"line":111,"column":8}},"56":{"start":{"line":112,"column":2},"end":{"line":125,"column":3}},"57":{"start":{"line":113,"column":4},"end":{"line":120,"column":5}},"58":{"start":{"line":114,"column":6},"end":{"line":114,"column":17}},"59":{"start":{"line":115,"column":11},"end":{"line":120,"column":5}},"60":{"start":{"line":116,"column":6},"end":{"line":116,"column":18}},"61":{"start":{"line":117,"column":11},"end":{"line":120,"column":5}},"62":{"start":{"line":118,"column":6},"end":{"line":118,"column":44}},"63":{"start":{"line":119,"column":6},"end":{"line":119,"column":32}},"64":{"start":{"line":121,"column":9},"end":{"line":125,"column":3}},"65":{"start":{"line":122,"column":4},"end":{"line":122,"column":15}},"66":{"start":{"line":123,"column":9},"end":{"line":125,"column":3}},"67":{"start":{"line":124,"column":4},"end":{"line":124,"column":16}},"68":{"start":{"line":126,"column":2},"end":{"line":126,"column":19}},"69":{"start":{"line":133,"column":0},"end":{"line":147,"column":2}},"70":{"start":{"line":134,"column":2},"end":{"line":134,"column":21}},"71":{"start":{"line":135,"column":2},"end":{"line":135,"column":25}},"72":{"start":{"line":136,"column":2},"end":{"line":146,"column":3}},"73":{"start":{"line":137,"column":4},"end":{"line":137,"column":32}},"74":{"start":{"line":138,"column":4},"end":{"line":138,"column":49}},"75":{"start":{"line":139,"column":4},"end":{"line":144,"column":5}},"76":{"start":{"line":140,"column":6},"end":{"line":142,"column":61}},"77":{"start":{"line":143,"column":6},"end":{"line":143,"column":46}},"78":{"start":{"line":145,"column":4},"end":{"line":145,"column":29}},"79":{"start":{"line":153,"column":0},"end":{"line":168,"column":2}},"80":{"start":{"line":154,"column":2},"end":{"line":154,"column":32}},"81":{"start":{"line":155,"column":2},"end":{"line":155,"column":32}},"82":{"start":{"line":156,"column":2},"end":{"line":156,"column":32}},"83":{"start":{"line":159,"column":2},"end":{"line":167,"column":3}},"84":{"start":{"line":160,"column":4},"end":{"line":160,"column":29}},"85":{"start":{"line":161,"column":9},"end":{"line":167,"column":3}},"86":{"start":{"line":162,"column":4},"end":{"line":162,"column":27}},"87":{"start":{"line":163,"column":9},"end":{"line":167,"column":3}},"88":{"start":{"line":164,"column":4},"end":{"line":164,"column":28}},"89":{"start":{"line":165,"column":9},"end":{"line":167,"column":3}},"90":{"start":{"line":166,"column":4},"end":{"line":166,"column":28}},"91":{"start":{"line":173,"column":0},"end":{"line":197,"column":2}},"92":{"start":{"line":175,"column":2},"end":{"line":182,"column":3}},"93":{"start":{"line":176,"column":4},"end":{"line":176,"column":63}},"94":{"start":{"line":177,"column":4},"end":{"line":177,"column":30}},"95":{"start":{"line":178,"column":4},"end":{"line":178,"column":24}},"96":{"start":{"line":180,"column":4},"end":{"line":180,"column":18}},"97":{"start":{"line":181,"column":4},"end":{"line":181,"column":20}},"98":{"start":{"line":185,"column":2},"end":{"line":185,"column":19}},"99":{"start":{"line":186,"column":2},"end":{"line":188,"column":3}},"100":{"start":{"line":187,"column":4},"end":{"line":187,"column":23}},"101":{"start":{"line":190,"column":2},"end":{"line":190,"column":13}},"102":{"start":{"line":191,"column":2},"end":{"line":191,"column":15}},"103":{"start":{"line":194,"column":2},"end":{"line":194,"column":35}},"104":{"start":{"line":195,"column":2},"end":{"line":195,"column":35}},"105":{"start":{"line":196,"column":2},"end":{"line":196,"column":35}},"106":{"start":{"line":202,"column":0},"end":{"line":225,"column":2}},"107":{"start":{"line":204,"column":2},"end":{"line":211,"column":3}},"108":{"start":{"line":205,"column":4},"end":{"line":205,"column":63}},"109":{"start":{"line":206,"column":4},"end":{"line":206,"column":30}},"110":{"start":{"line":207,"column":4},"end":{"line":207,"column":24}},"111":{"start":{"line":209,"column":4},"end":{"line":209,"column":18}},"112":{"start":{"line":210,"column":4},"end":{"line":210,"column":20}},"113":{"start":{"line":213,"column":2},"end":{"line":213,"column":19}},"114":{"start":{"line":214,"column":2},"end":{"line":216,"column":3}},"115":{"start":{"line":215,"column":4},"end":{"line":215,"column":22}},"116":{"start":{"line":218,"column":2},"end":{"line":218,"column":14}},"117":{"start":{"line":219,"column":2},"end":{"line":219,"column":15}},"118":{"start":{"line":222,"column":2},"end":{"line":222,"column":35}},"119":{"start":{"line":223,"column":2},"end":{"line":223,"column":35}},"120":{"start":{"line":224,"column":2},"end":{"line":224,"column":35}},"121":{"start":{"line":230,"column":0},"end":{"line":261,"column":2}},"122":{"start":{"line":232,"column":2},"end":{"line":239,"column":3}},"123":{"start":{"line":233,"column":4},"end":{"line":233,"column":63}},"124":{"start":{"line":234,"column":4},"end":{"line":234,"column":30}},"125":{"start":{"line":235,"column":4},"end":{"line":235,"column":24}},"126":{"start":{"line":237,"column":4},"end":{"line":237,"column":18}},"127":{"start":{"line":238,"column":4},"end":{"line":238,"column":20}},"128":{"start":{"line":242,"column":2},"end":{"line":242,"column":19}},"129":{"start":{"line":243,"column":2},"end":{"line":245,"column":3}},"130":{"start":{"line":244,"column":4},"end":{"line":244,"column":23}},"131":{"start":{"line":246,"column":2},"end":{"line":246,"column":19}},"132":{"start":{"line":247,"column":2},"end":{"line":249,"column":3}},"133":{"start":{"line":248,"column":4},"end":{"line":248,"column":22}},"134":{"start":{"line":252,"column":2},"end":{"line":252,"column":13}},"135":{"start":{"line":253,"column":2},"end":{"line":253,"column":14}},"136":{"start":{"line":254,"column":2},"end":{"line":254,"column":20}},"137":{"start":{"line":255,"column":2},"end":{"line":255,"column":21}},"138":{"start":{"line":258,"column":2},"end":{"line":258,"column":35}},"139":{"start":{"line":259,"column":2},"end":{"line":259,"column":35}},"140":{"start":{"line":260,"column":2},"end":{"line":260,"column":35}},"141":{"start":{"line":266,"column":0},"end":{"line":297,"column":2}},"142":{"start":{"line":268,"column":2},"end":{"line":275,"column":3}},"143":{"start":{"line":269,"column":4},"end":{"line":269,"column":63}},"144":{"start":{"line":270,"column":4},"end":{"line":270,"column":30}},"145":{"start":{"line":271,"column":4},"end":{"line":271,"column":24}},"146":{"start":{"line":273,"column":4},"end":{"line":273,"column":18}},"147":{"start":{"line":274,"column":4},"end":{"line":274,"column":20}},"148":{"start":{"line":278,"column":2},"end":{"line":278,"column":19}},"149":{"start":{"line":279,"column":2},"end":{"line":281,"column":3}},"150":{"start":{"line":280,"column":4},"end":{"line":280,"column":22}},"151":{"start":{"line":282,"column":2},"end":{"line":282,"column":19}},"152":{"start":{"line":283,"column":2},"end":{"line":285,"column":3}},"153":{"start":{"line":284,"column":4},"end":{"line":284,"column":23}},"154":{"start":{"line":288,"column":2},"end":{"line":288,"column":14}},"155":{"start":{"line":289,"column":2},"end":{"line":289,"column":13}},"156":{"start":{"line":290,"column":2},"end":{"line":290,"column":20}},"157":{"start":{"line":291,"column":2},"end":{"line":291,"column":21}},"158":{"start":{"line":294,"column":2},"end":{"line":294,"column":35}},"159":{"start":{"line":295,"column":2},"end":{"line":295,"column":35}},"160":{"start":{"line":296,"column":2},"end":{"line":296,"column":35}},"161":{"start":{"line":302,"column":0},"end":{"line":323,"column":2}},"162":{"start":{"line":303,"column":2},"end":{"line":307,"column":3}},"163":{"start":{"line":304,"column":4},"end":{"line":304,"column":53}},"164":{"start":{"line":305,"column":4},"end":{"line":305,"column":38}},"165":{"start":{"line":306,"column":4},"end":{"line":306,"column":11}},"166":{"start":{"line":309,"column":2},"end":{"line":309,"column":16}},"167":{"start":{"line":310,"column":2},"end":{"line":310,"column":33}},"168":{"start":{"line":311,"column":2},"end":{"line":315,"column":3}},"169":{"start":{"line":312,"column":4},"end":{"line":312,"column":23}},"170":{"start":{"line":314,"column":4},"end":{"line":314,"column":24}},"171":{"start":{"line":317,"column":2},"end":{"line":322,"column":3}},"172":{"start":{"line":318,"column":4},"end":{"line":318,"column":62}},"173":{"start":{"line":319,"column":4},"end":{"line":319,"column":54}},"174":{"start":{"line":321,"column":4},"end":{"line":321,"column":43}},"175":{"start":{"line":328,"column":0},"end":{"line":337,"column":2}},"176":{"start":{"line":329,"column":2},"end":{"line":331,"column":3}},"177":{"start":{"line":330,"column":4},"end":{"line":330,"column":11}},"178":{"start":{"line":332,"column":2},"end":{"line":332,"column":39}},"179":{"start":{"line":333,"column":2},"end":{"line":335,"column":3}},"180":{"start":{"line":334,"column":4},"end":{"line":334,"column":22}},"181":{"start":{"line":336,"column":2},"end":{"line":336,"column":40}},"182":{"start":{"line":342,"column":0},"end":{"line":352,"column":2}},"183":{"start":{"line":343,"column":2},"end":{"line":345,"column":3}},"184":{"start":{"line":344,"column":4},"end":{"line":344,"column":11}},"185":{"start":{"line":347,"column":2},"end":{"line":347,"column":41}},"186":{"start":{"line":348,"column":2},"end":{"line":348,"column":42}},"187":{"start":{"line":349,"column":2},"end":{"line":351,"column":3}},"188":{"start":{"line":350,"column":4},"end":{"line":350,"column":22}},"189":{"start":{"line":357,"column":0},"end":{"line":366,"column":2}},"190":{"start":{"line":358,"column":2},"end":{"line":360,"column":3}},"191":{"start":{"line":359,"column":4},"end":{"line":359,"column":11}},"192":{"start":{"line":361,"column":2},"end":{"line":363,"column":3}},"193":{"start":{"line":362,"column":4},"end":{"line":362,"column":22}},"194":{"start":{"line":364,"column":2},"end":{"line":364,"column":40}},"195":{"start":{"line":365,"column":2},"end":{"line":365,"column":41}},"196":{"start":{"line":371,"column":0},"end":{"line":373,"column":2}},"197":{"start":{"line":372,"column":2},"end":{"line":372,"column":38}},"198":{"start":{"line":378,"column":0},"end":{"line":393,"column":2}},"199":{"start":{"line":379,"column":2},"end":{"line":381,"column":3}},"200":{"start":{"line":380,"column":4},"end":{"line":380,"column":16}},"201":{"start":{"line":383,"column":2},"end":{"line":383,"column":11}},"202":{"start":{"line":384,"column":2},"end":{"line":390,"column":3}},"203":{"start":{"line":385,"column":4},"end":{"line":385,"column":19}},"204":{"start":{"line":386,"column":9},"end":{"line":390,"column":3}},"205":{"start":{"line":387,"column":4},"end":{"line":387,"column":43}},"206":{"start":{"line":388,"column":9},"end":{"line":390,"column":3}},"207":{"start":{"line":389,"column":4},"end":{"line":389,"column":44}},"208":{"start":{"line":392,"column":2},"end":{"line":392,"column":14}},"209":{"start":{"line":399,"column":0},"end":{"line":415,"column":2}},"210":{"start":{"line":400,"column":2},"end":{"line":414,"column":3}},"211":{"start":{"line":401,"column":4},"end":{"line":401,"column":25}},"212":{"start":{"line":402,"column":4},"end":{"line":404,"column":5}},"213":{"start":{"line":403,"column":6},"end":{"line":403,"column":30}},"214":{"start":{"line":406,"column":4},"end":{"line":410,"column":5}},"215":{"start":{"line":407,"column":6},"end":{"line":407,"column":29}},"216":{"start":{"line":409,"column":6},"end":{"line":409,"column":30}},"217":{"start":{"line":411,"column":4},"end":{"line":413,"column":5}},"218":{"start":{"line":412,"column":6},"end":{"line":412,"column":31}},"219":{"start":{"line":420,"column":0},"end":{"line":443,"column":2}},"220":{"start":{"line":421,"column":2},"end":{"line":421,"column":30}},"221":{"start":{"line":422,"column":2},"end":{"line":424,"column":3}},"222":{"start":{"line":423,"column":4},"end":{"line":423,"column":17}},"223":{"start":{"line":426,"column":2},"end":{"line":441,"column":3}},"224":{"start":{"line":427,"column":4},"end":{"line":427,"column":39}},"225":{"start":{"line":428,"column":4},"end":{"line":428,"column":26}},"226":{"start":{"line":429,"column":4},"end":{"line":429,"column":27}},"227":{"start":{"line":430,"column":4},"end":{"line":430,"column":21}},"228":{"start":{"line":431,"column":4},"end":{"line":431,"column":28}},"229":{"start":{"line":432,"column":9},"end":{"line":441,"column":3}},"230":{"start":{"line":433,"column":4},"end":{"line":433,"column":52}},"231":{"start":{"line":434,"column":4},"end":{"line":434,"column":44}},"232":{"start":{"line":435,"column":9},"end":{"line":441,"column":3}},"233":{"start":{"line":436,"column":4},"end":{"line":436,"column":53}},"234":{"start":{"line":437,"column":4},"end":{"line":437,"column":45}},"235":{"start":{"line":439,"column":4},"end":{"line":439,"column":47}},"236":{"start":{"line":440,"column":4},"end":{"line":440,"column":46}},"237":{"start":{"line":442,"column":2},"end":{"line":442,"column":14}},"238":{"start":{"line":449,"column":0},"end":{"line":460,"column":2}},"239":{"start":{"line":450,"column":2},"end":{"line":452,"column":4}},"240":{"start":{"line":453,"column":2},"end":{"line":455,"column":3}},"241":{"start":{"line":454,"column":4},"end":{"line":454,"column":19}},"242":{"start":{"line":456,"column":2},"end":{"line":458,"column":3}},"243":{"start":{"line":457,"column":4},"end":{"line":457,"column":19}},"244":{"start":{"line":459,"column":2},"end":{"line":459,"column":43}},"245":{"start":{"line":466,"column":0},"end":{"line":477,"column":2}},"246":{"start":{"line":467,"column":2},"end":{"line":469,"column":4}},"247":{"start":{"line":470,"column":2},"end":{"line":472,"column":3}},"248":{"start":{"line":471,"column":4},"end":{"line":471,"column":19}},"249":{"start":{"line":473,"column":2},"end":{"line":475,"column":3}},"250":{"start":{"line":474,"column":4},"end":{"line":474,"column":19}},"251":{"start":{"line":476,"column":2},"end":{"line":476,"column":44}},"252":{"start":{"line":482,"column":0},"end":{"line":484,"column":2}},"253":{"start":{"line":483,"column":2},"end":{"line":483,"column":34}},"254":{"start":{"line":489,"column":0},"end":{"line":491,"column":2}},"255":{"start":{"line":490,"column":2},"end":{"line":490,"column":34}},"256":{"start":{"line":496,"column":0},"end":{"line":506,"column":2}},"257":{"start":{"line":497,"column":2},"end":{"line":497,"column":26}},"258":{"start":{"line":499,"column":2},"end":{"line":501,"column":3}},"259":{"start":{"line":500,"column":4},"end":{"line":500,"column":16}},"260":{"start":{"line":502,"column":2},"end":{"line":505,"column":48}},"261":{"start":{"line":512,"column":0},"end":{"line":520,"column":2}},"262":{"start":{"line":513,"column":2},"end":{"line":513,"column":26}},"263":{"start":{"line":515,"column":2},"end":{"line":517,"column":3}},"264":{"start":{"line":516,"column":4},"end":{"line":516,"column":13}},"265":{"start":{"line":518,"column":2},"end":{"line":519,"column":41}},"266":{"start":{"line":522,"column":0},"end":{"line":522,"column":25}}},"branchMap":{"1":{"line":27,"type":"if","locations":[{"start":{"line":27,"column":2},"end":{"line":27,"column":2}},{"start":{"line":27,"column":2},"end":{"line":27,"column":2}}]},"2":{"line":27,"type":"binary-expr","locations":[{"start":{"line":27,"column":6},"end":{"line":27,"column":24}},{"start":{"line":27,"column":28},"end":{"line":27,"column":47}}]},"3":{"line":29,"type":"if","locations":[{"start":{"line":29,"column":9},"end":{"line":29,"column":9}},{"start":{"line":29,"column":9},"end":{"line":29,"column":9}}]},"4":{"line":31,"type":"if","locations":[{"start":{"line":31,"column":9},"end":{"line":31,"column":9}},{"start":{"line":31,"column":9},"end":{"line":31,"column":9}}]},"5":{"line":43,"type":"if","locations":[{"start":{"line":43,"column":2},"end":{"line":43,"column":2}},{"start":{"line":43,"column":2},"end":{"line":43,"column":2}}]},"6":{"line":43,"type":"binary-expr","locations":[{"start":{"line":43,"column":6},"end":{"line":43,"column":24}},{"start":{"line":43,"column":28},"end":{"line":43,"column":47}}]},"7":{"line":45,"type":"if","locations":[{"start":{"line":45,"column":9},"end":{"line":45,"column":9}},{"start":{"line":45,"column":9},"end":{"line":45,"column":9}}]},"8":{"line":45,"type":"binary-expr","locations":[{"start":{"line":45,"column":13},"end":{"line":45,"column":32}},{"start":{"line":45,"column":36},"end":{"line":45,"column":54}}]},"9":{"line":47,"type":"if","locations":[{"start":{"line":47,"column":9},"end":{"line":47,"column":9}},{"start":{"line":47,"column":9},"end":{"line":47,"column":9}}]},"10":{"line":47,"type":"binary-expr","locations":[{"start":{"line":47,"column":13},"end":{"line":47,"column":31}},{"start":{"line":47,"column":35},"end":{"line":47,"column":54}}]},"11":{"line":65,"type":"if","locations":[{"start":{"line":65,"column":2},"end":{"line":65,"column":2}},{"start":{"line":65,"column":2},"end":{"line":65,"column":2}}]},"12":{"line":65,"type":"binary-expr","locations":[{"start":{"line":65,"column":6},"end":{"line":65,"column":21}},{"start":{"line":65,"column":25},"end":{"line":65,"column":41}}]},"13":{"line":66,"type":"cond-expr","locations":[{"start":{"line":66,"column":25},"end":{"line":66,"column":32}},{"start":{"line":66,"column":35},"end":{"line":66,"column":41}}]},"14":{"line":67,"type":"if","locations":[{"start":{"line":67,"column":9},"end":{"line":67,"column":9}},{"start":{"line":67,"column":9},"end":{"line":67,"column":9}}]},"15":{"line":67,"type":"binary-expr","locations":[{"start":{"line":67,"column":13},"end":{"line":67,"column":28}},{"start":{"line":67,"column":32},"end":{"line":67,"column":48}}]},"16":{"line":69,"type":"if","locations":[{"start":{"line":69,"column":9},"end":{"line":69,"column":9}},{"start":{"line":69,"column":9},"end":{"line":69,"column":9}}]},"17":{"line":69,"type":"binary-expr","locations":[{"start":{"line":69,"column":13},"end":{"line":69,"column":29}},{"start":{"line":69,"column":33},"end":{"line":69,"column":48}}]},"18":{"line":77,"type":"if","locations":[{"start":{"line":77,"column":2},"end":{"line":77,"column":2}},{"start":{"line":77,"column":2},"end":{"line":77,"column":2}}]},"19":{"line":77,"type":"binary-expr","locations":
[...]
":{"line":158,"column":14}},"64":{"start":{"line":157,"column":4},"end":{"line":157,"column":26}},"65":{"start":{"line":160,"column":2},"end":{"line":163,"column":4}},"66":{"start":{"line":174,"column":0},"end":{"line":203,"column":2}},"67":{"start":{"line":175,"column":2},"end":{"line":177,"column":3}},"68":{"start":{"line":176,"column":4},"end":{"line":176,"column":46}},"69":{"start":{"line":181,"column":2},"end":{"line":184,"column":9}},"70":{"start":{"line":182,"column":4},"end":{"line":182,"column":35}},"71":{"start":{"line":183,"column":4},"end":{"line":183,"column":15}},"72":{"start":{"line":186,"column":2},"end":{"line":186,"column":26}},"73":{"start":{"line":188,"column":2},"end":{"line":196,"column":9}},"74":{"start":{"line":189,"column":4},"end":{"line":189,"column":17}},"75":{"start":{"line":190,"column":4},"end":{"line":190,"column":36}},"76":{"start":{"line":191,"column":4},"end":{"line":194,"column":5}},"77":{"start":{"line":192,"column":6},"end":{"line":192,"column":34}},"78":{"start":{"line":193,"column":6},"end":{"line":193,"column":16}},"79":{"start":{"line":195,"column":4},"end":{"line":195,"column":16}},"80":{"start":{"line":198,"column":2},"end":{"line":200,"column":3}},"81":{"start":{"line":199,"column":4},"end":{"line":199,"column":49}},"82":{"start":{"line":202,"column":2},"end":{"line":202,"column":33}},"83":{"start":{"line":206,"column":0},"end":{"line":206,"column":25}}},"branchMap":{"1":{"line":29,"type":"if","locations":[{"start":{"line":29,"column":4},"end":{"line":29,"column":4}},{"start":{"line":29,"column":4},"end":{"line":29,"column":4}}]},"2":{"line":36,"type":"if","locations":[{"start":{"line":36,"column":2},"end":{"line":36,"column":2}},{"start":{"line":36,"column":2},"end":{"line":36,"column":2}}]},"3":{"line":54,"type":"if","locations":[{"start":{"line":54,"column":2},"end":{"line":54,"column":2}},{"start":{"line":54,"column":2},"end":{"line":54,"column":2}}]},"4":{"line":57,"type":"if","locations":[{"start":{"line":57,"column":7},"end":{"line":57,"column":7}},{"start":{"line":57,"column":7},"end":{"line":57,"column":7}}]},"5":{"line":85,"type":"if","locations":[{"start":{"line":85,"column":2},"end":{"line":85,"column":2}},{"start":{"line":85,"column":2},"end":{"line":85,"column":2}}]},"6":{"line":88,"type":"cond-expr","locations":[{"start":{"line":88,"column":27},"end":{"line":88,"column":29}},{"start":{"line":88,"column":32},"end":{"line":88,"column":34}}]},"7":{"line":94,"type":"binary-expr","locations":[{"start":{"line":94,"column":21},"end":{"line":94,"column":34}},{"start":{"line":94,"column":38},"end":{"line":94,"column":39}}]},"8":{"line":108,"type":"binary-expr","locations":[{"start":{"line":108,"column":11},"end":{"line":108,"column":12}},{"start":{"line":108,"column":17},"end":{"line":108,"column":18}},{"start":{"line":108,"column":23},"end":{"line":108,"column":40}},{"start":{"line":108,"column":45},"end":{"line":108,"column":47}}]},"9":{"line":120,"type":"cond-expr","locations":[{"start":{"line":121,"column":6},"end":{"line":121,"column":29}},{"start":{"line":121,"column":32},"end":{"line":121,"column":53}}]},"10":{"line":137,"type":"cond-expr","locations":[{"start":{"line":137,"column":37},"end":{"line":137,"column":39}},{"start":{"line":137,"column":42},"end":{"line":137,"column":45}}]},"11":{"line":141,"type":"if","locations":[{"start":{"line":141,"column":4},"end":{"line":141,"column":4}},{"start":{"line":141,"column":4},"end":{"line":141,"column":4}}]},"12":{"line":162,"type":"cond-expr","locations":[{"start":{"line":162,"column":25},"end":{"line":162,"column":41}},{"start":{"line":162,"column":44},"end":{"line":162,"column":50}}]},"13":{"line":175,"type":"if","locations":[{"start":{"line":175,"column":2},"end":{"line":175,"column":2}},{"start":{"line":175,"column":2},"end":{"line":175,"column":2}}]},"14":{"line":191,"type":"if","locations":[{"start":{"line":191,"column":4},"end":{"line":191,"column":4}},{"start":{"line":191,"column":4},"end":{"line":191,"column":4}}]},"15":{"line":198,"type":"if","locations":[{"start":{"line":198,"column":2},"end":{"line":198,"column":2}},{"start":{"line":198,"column":2},"end":{"line":198,"column":2}}]}},"code":["'use strict';","","","var huffman = {};","","","/**"," * Maximum block size used by functions \"compress\", \"decompress\"."," *"," * @const"," */","var MAX_BLOCK_SIZE = (-1 >>> 0).toString(2).length;","","","/**"," * Compress 0-1 string to int32 array."," *"," * @param {string} string"," * @return {number[]}"," */","var compress = function (string) {","  var blocks = [];","  var currentBlock = 0, currentBlockSize = 0;","","  string.split('').forEach(function (char) {","    currentBlock = (currentBlock << 1) | char;","    currentBlockSize += 1;","","    if (currentBlockSize === MAX_BLOCK_SIZE) {","      blocks.push(currentBlock);","      currentBlock = currentBlockSize = 0;","    }","  });","","  // Append last block size to the end.","  if (currentBlockSize) {","    blocks.push(currentBlock, currentBlockSize);","  }","  else {","    blocks.push(MAX_BLOCK_SIZE);","  }","","  return blocks;","};","","","/**"," * Decompress int32 array back to 0-1 string."," *"," * @param {number[]} array"," * @return {string}"," */","var decompress = function (array) {","  if (!array.length) {","    return '';","  }","  else if (array.length === 1) {","    throw new Error('Compressed array must be either empty ' +","                    'or at least 2 blocks big.');","  }","","  var padding = new Array(MAX_BLOCK_SIZE + 1).join(0);","","  var string = array.slice(0, -2).map(function (block) {","    return (padding + (block >>> 0).toString(2)).slice(-padding.length);","  }).join('');","","  // Append the last block.","  var lastBlockSize = array.slice(-1)[0];","  var lastBlock = array.slice(-2)[0];","  string += (padding + (lastBlock >>> 0).toString(2)).slice(-lastBlockSize);","","  return string;","};","","","/**"," * Apply Huffman encoding to a string."," *"," * @param {string} string"," * @param {boolean} [compressed=false] - Whether compress the string to bits."," * @return {{encoding: Object.<string, string>, value: string|number[]}}"," */","huffman.encode = function (string, compressed) {","  if (!string.length) {","    return {","      encoding: {},","      value: (compressed ? [] : '')","    };","  }","","  var counter = {};","  string.split('').forEach(function (char) {","    counter[char] = (counter[char] || 0) + 1;","  });","","  var letters = Object.keys(counter).map(function (char) {","    return {","      char: char,","      count: counter[char]","    };","  });","","  var compare = function (a, b) {","    return a.count - b.count;","  };","  var less = function (a, b) {","    return a && (b && (a.count < b.count) || !b);","  };","","  letters.sort(compare);","","  // Each time two least letters are merged into one, the result is pushing into","  // this buffer. Since the letters are pushing in ascending order of frequency,","  // no more sorting is ever required.","  var buffer = [];","  var lettersIndex = 0, bufferIndex = 0;","","  var extractMinimum = function () {","    return less(letters[lettersIndex], buffer[bufferIndex]) ?","      letters[lettersIndex++] : buffer[bufferIndex++];","  };","","  for (var numLetters = letters.length; numLetters > 1; --numLetters) {","    var a = extractMinimum(), b = extractMinimum();","    a.code = '0';","    b.code = '1';","    var union = {","      count: a.count + b.count,","      parts: [a, b]","    };","    buffer.push(union);","  }","","  // At this point there is a single letter left.","  var root = extractMinimum();","  root.code = (letters.length > 1) ? '' : '0';","","  // Unroll the code recursively in reverse.","  (function unroll(parent) {","    if (parent.parts) {","      var a = parent.parts[0], b = parent.parts[1];","      a.code += parent.code;","      b.code += parent.code;","      unroll(a);","      unroll(b);","    }","  })(root);","","  var encoding = letters.reduce(function (acc, letter) {","    acc[letter.char] = letter.code.split('').reverse().join('');","    return acc;","  }, {});","","  // Finally, apply the encoding to the given string.","  var result = string.split('').map(function (char) {","    return encoding[char];","  }).join('');","","  return {","    encoding: encoding,","    value: (compressed ? compress(result) : result)","  };","};","","","/**"," * Decode a Huffman-encoded string or compressed number sequence."," *"," * @param {Object.<string, string>} encoding - Maps characters to 0-1 sequences."," * @param {string|number[]} encodedString"," * @return {string} Decoded string."," */","huffman.decode = function (encoding, encodedString) {","  if (Array.isArray(encodedString)) {","    encodedString = decompress(encodedString);","  }","","  // We can make use of the fact that encoding mapping is always one-to-one","  // and rely on the power of JS hashes instead of building hand-made FSMs.","  var letterByCode = Object.keys(encoding).reduce(function (acc, letter) {","    acc[encoding[letter]] = letter;","    return acc;","  }, {});","","  var decodedLetters = [];","","  var unresolved = encodedString.split('').reduce(function (code, char) {","    code += char;","    var letter = letterByCode[code];","    if (letter) {","      decodedLetters.push(letter);","      code = '';","    }","    return code;","  }, '');","","  if (unresolved) {","    throw new Error('Invalid string to decode.');","  }","","  return decodedLetters.join('');","};","","","module.exports = huffman;",""],"l":{"4":1,"12":1,"21":1,"22":0,"23":0,"25":0,"26":0,"27":0,"29":0,"30":0,"31":0,"36":0,"37":0,"40":0,"43":0,"53":1,"54":0,"55":0,"57":0,"58":0,"62":0,"64":0,"65":0,"69":0,"70":0,"71":0,"73":0,"84":1,"85":0,"86":0,"92":0,"93":0,"94":0,"97":0,"98":0,"104":0,"105":0,"107":0,"108":0,"111":0,"116":0,"117":0,"119":0,"120":0,"124":0,"125":0,"126":0,"127":0,"128":0,"132":0,"136":0,"137":0,"140":0,"141":0,"142":0,"143":0,"144":0,"145":0,"146":0,"150":0,"151":0,"152":0,"156":0,"157":0,"160":0,"174":1,"175":0,"176":0,"181":0,"182":0,"183":0,"186":0,"188":0,"189":0,"190":0,"191":0,"192":0,"193":0,"195":0,"198":0,"199":0,"202":0,"206":1}},"/home/travis/build/npmtest/node-npmtest-algorithms/node_modules/algorithms/algorithms/string/hamming.js":{"path":"/home/travis/build/npmtest/node-npmtest-algorithms/node_modules/algorithms/algorithms/string/hamming.js","s":{"1":1,"2":0,"3":0,"4":0,"5":0,"6":0,"7":0,"8":0,"9":1},"b":{"1":[0,0],"2":[0,0]},"f":{"1":0},"fnMap":{"1":{"name":"(anonymous_1)","line":11,"loc":{"start":{"line":11,"column":14},"end":{"line":11,"column":30}}}},"statementMap":{"1":{"start":{"line":11,"column":0},"end":{"line":25,"column":2}},"2":{"start":{"line":12,"column":2},"end":{"line":14,"column":3}},"3":{"start":{"line":13,"column":4},"end":{"line":13,"column":55}},"4":{"start":{"line":16,"column":2},"end":{"line":16,"column":15}},"5":{"start":{"line":18,"column":2},"end":{"line":22,"column":3}},"6":{"start":{"line":19,"column":4},"end":{"line":21,"column":5}},"7":{"start":{"line":20,"column":6},"end":{"line":20,"column":13}},"8":{"start":{"line":24,"column":2},"end":{"line":24,"column":14}},"9":{"start":{"line":27,"column":0},"end":{"line":27,"column":25}}},"branchMap":{"1":{"line":12,"type":"if","locations":[{"start":{"line":12,"column":2},"end":{"line":12,"column":2}},{"start":{"line":12,"column":2},"end":{"line":12,"column":2}}]},"2":{"line":19,"type":"if","locations":[{"start":{"line":19,"column":4},"end":{"line":19,"column":4}},{"start":{"line":19,"column":4},"end":{"line":19,"column":4}}]}},"code":["/**"," *"," * \"Hamming distance between two strings of equal length is the number of"," * positions at which the corresponding symbols are different. In another way,"," * it measures the minimum number of substitutions required to change one string"," * into the other.\" - https://en.wikipedia.org/wiki/Hamming_distance"," *"," */","'use strict';","","var hamming = function (a, b) {","  if (a.length !== b.length) {","    throw new Error('Strings must be equal in length');","  }","","  var dist = 0;","","  for (var i = 0; i < a.length; i++) {","    if (a[i] !== b[i]) {","      dist++;","    }","  }","","  return dist;","};","","module.exports = hamming;",""],"l":{"11":1,"12":0,"13":0,"16":0,"18":0,"19":0,"20":0,"24":0,"27":1}},"/home/travis/build/npmtest/node-npmtest-algorithms/node_modules/algorithms/algorithms/string/longest_common_subsequence.js":{"path":"/home/travis/build/npmtest/node-npmtest-algorithms/node_modules/algorithms/algorithms/string/longest_common_subsequence.js","s":{"1":1,"2":0,"3":0,"4":0,"5":0,"6":0,"7":0,"8":0,"9":0,"10":0,"11":0,"12":0,"13":0,"14":0,"15":0,"16":0,"17":0,"18":0,"19":0,"20":0,"21":0,"22":0,"23":1},"b":{"1":[0,0],"2":[0,0],"3":[0,0]},"f":{"1":0},"fnMap":{"1":{"name":"(anonymous_1)","line":10,"loc":{"start":{"line":10,"column":31},"end":{"line":10,"column":49}}}},"statementMap":{"1":{"start":{"line":10,"column":0},"end":{"line":49,"column":2}},"2":{"start":{"line":12,"column":2},"end":{"line":12,"column":39}},"3":{"start":{"line":14,"column":2},"end":{"line":14,"column":11}},"4":{"start":{"line":16,"column":2},"end":{"line":18,"column":3}},"5":{"start":{"line":17,"column":4},"end":{"line":17,"column":45}},"6":{"start":{"line":21,"column":2},"end":{"line":29,"column":3}},"7":{"start":{"line":22,"column":4},"end":{"line":28,"column":5}},"8":{"start":{"line":23,"column":6},"end":{"line":27,"column":7}},"9":{"start":{"line":24,"column":8},"end":{"line":24,"column":46}},"10":{"start":{"line":26,"column":8},"end":{"line":26,"column":65}},"11":{"start":{"line":32,"column":2},"end":{"line":32,"column":16}},"12":{"start":{"line":33,"column":2},"end":{"line":33,"column":16}},"13":{"start":{"line":34,"column":2},"end":{"line":34,"column":15}},"14":{"start":{"line":36,"column":2},"end":{"line":46,"column":3}},"15":{"start":{"line":37,"column":4},"end":{"line":45,"column":5}},"16":{"start":{"line":38,"column":6},"end":{"line":38,"column":28}},"17":{"start":{"line":39,"column":6},"end":{"line":39,"column":10}},"18":{"start":{"line":40,"column":6},"end":{"line":40,"column":10}},"19":{"start":{"line":41,"column":11},"end":{"line":45,"column":5}},"20":{"start":{"line":42,"column":6},"end":{"line":42,"column":10}},"21":{"start":{"line":44,"column":6},"end":{"line":44,"column":10}},"22":{"start":{"line":48,"column":2},"end":{"line":48,"column":13}},"23":{"start":{"line":51,"column":0},"end":{"line":51,"column":42}}},"branchMap":{"1":{"line":23,"type":"if","locations":[{"start":{"line":23,"column":6},"end":{"line":23,"column":6}},{"start":{"line":23,"column":6},"end":{"line":23,"column":6}}]},"2":{"line":37,"type":"if","locations":[{"start":{"line":37,"column":4},"end":{"line":37,"column":4}},{"start":{"line":37,"column":4},"end":{"line":37,"column":4}}]},"3":{"line":41,"type":"if","locations":[{"start":{"line":41,"column":11},"end":{"line":41,"column":11}},{"start":{"line":41,"column":11},"end":{"line":41,"column":11}}]}},"code":["/**"," * Implementation of longest common subsequence"," */","","'use strict';","","/**"," * Implementation via dynamic programming"," */","var longestCommonSubsequence = function (s1, s2) {","  // Multidimensional array for dynamic programming algorithm","  var cache = new Array(s1.length + 1);","","  var i, j;","","  for (i = 0; i <= s1.length; i++) {","    cache[i] = new Int32Array(s2.length + 1);","  }","","  // Fill in the cache","  for (i = 1; i <= s1.length; i++) {","    for (j = 1; j <= s2.length; j++) {","      if (s1[i - 1] === s2[j - 1]) {","        cache[i][j] = cache[i - 1][j - 1] + 1;","      } else {","        cache[i][j] = Math.max(cache[i][j - 1], cache[i - 1][j]);","      }","    }","  }","","  // Build LCS from cache","  i = s1.length;","  j = s2.length;","  var lcs = '';","","  while (cache[i][j] !== 0) {","    if (s1[i - 1] === s2[j - 1]) {","      lcs = s1[i - 1] + lcs;","      i--;","      j--;","    } else if (cache[i - 1][j] > cache[i][j - 1]) {","      i--;","    } else {","      j--;","    }","  }","","  return lcs;","};","","module.exports = longestCommonSubsequence;",""],"l":{"10":1,"12":0,"14":0,"16":0,"17":0,"21":0,"22":0,"23":0,"24":0,"26":0,"32":0,"33":0,"34":0,"36":0,"37":0,"38":0,"39":0,"40":0,"41":0,"42":0,"44":0,"48":0,"51":1}},"/home/travis/build/npmtest/node-npmtest-algorithms/node_modules/algorithms/algorithms/string/longest_common_substring.js":{"path":"/home/travis/build/npmtest/node-npmtest-algorithms/node_modules/algorithms/algorithms/string/longest_common_substring.js","s":{"1":1,"2":0,"3":0,"4":0,"5":0,"6":0,"7":0,"8":0,"9":0,"10":0,"11":0,"12":0,"13":0,"14":0,"15":0,"16":0,"17":0,"18":0,"19":0,"20":0,"21":1},"b":{"1":[0,0],"2":[0,0],"3":[0,0]},"f":{"1":0},"fnMap":{"1":{"name":"(anonymous_1)","line":10,"loc":{"start":{"line":10,"column":29},"end":{"line":10,"column":47}}}},"statementMap":{"1":{"start":{"line":10,"column":0},"end":{"line":45,"column":2}},"2":{"start":{"line":12,"column":2},"end":{"line":12,"column":39}},"3":{"start":{"line":14,"column":2},"end":{"line":14,"column":11}},"4":{"start":{"line":16,"column":2},"end":{"line":18,"column":3}},"5":{"start":{"line":17,"column":4},"end":{"line":17,"column":45}},"6":{"start":{"line":20,"column":2},"end":{"line":20,"column":23}},"7":{"start":{"line":21,"column":2},"end":{"line":21,"column":20}},"8":{"start":{"line":24,"column":2},"end":{"line":37,"column":3}},"9":{"start":{"line":25,"column":4},"end":{"line":36,"column":5}},"10":{"start":{"line":26,"column":6},"end":{"line":35,"column":7}},"11":{"start":{"line":27,"column":8},"end":{"line":27,"column":46}},"12":{"start":{"line":28,"column":8},"end":{"line":32,"column":9}},"13":{"start":{"line":29,"column":10},"end":{"line":29,"column":28}},"14":{"start":{"line":30,"column":10},"end":{"line":30,"column":28}},"15":{"start":{"line":31,"column":10},"end":{"line":31,"column":34}},"16":{"start":{"line":34,"column":8},"end":{"line":34,"column":24}},"17":{"start":{"line":39,"column":2},"end":{"line":39,"column":15}},"18":{"start":{"line":40,"column":2},"end":{"line":42,"column":3}},"19":{"start":{"line":41,"column":4},"end":{"line":41,"column":65}},"20":{"start":{"line":44,"column":2},"end":{"line":44,"column":13}},"21":{"start":{"line":47,"column":0},"end":{"line":47,"column":40}}},"branchMap":{"1":{"line":26,"type":"if","locations":[{"start":{"line":26,"column":6},"end":{"line":26,"column":6}},{"start":{"line":26,"column":6},"end":{"line":26,"column":6}}]},"2":{"line":28,"type":"if","locations":[{"start":{"line":28,"column":8},"end":{"line":28,"column":8}},{"start":{"line":28,"column":8},"end":{"line":28,"column":8}}]},"3":{"line":40,"type":"if","locations":[{"start":{"line":40,"column":2},"end":{"line":40,"column":2}},{"start":{"line":40,"column":2},"end":{"line":40,"column":2}}]}},"code":["/**"," * Implementation of longest common substring"," */","","'use strict';","","/**"," * Implementation via dynamic programming"," */","var longestCommonSubstring = function (s1, s2) {","  // Multidimensional array for dynamic programming algorithm","  var cache = new Array(s1.length + 1);","","  var i, j;","","  for (i = 0; i <= s1.length + 1; i++) {","    cache[i] = new Int32Array(s2.length + 1);","  }","","  var lcsPosition = {};","  var lcsLength = 0;","","  // Fill in the cache","  for (i = 1; i <= s1.length; i++) {","    for (j = 1; j <= s2.length; j++) {","      if (s1[i - 1] === s2[j - 1]) {","        cache[i][j] = cache[i - 1][j - 1] + 1;","        if (cache[i][j] > lcsLength) {","          lcsPosition.i = i;","          lcsPosition.j = j;","          lcsLength = cache[i][j];","        }","      } else {","        cache[i][j] = 0;","      }","    }","  }","","  var lcs = '';","  if (lcsLength) {","    lcs = s1.substring(lcsPosition.i - lcsLength, lcsPosition.i);","  }","","  return lcs;","};","","module.exports = longestCommonSubstring;",""],"l":{"10":1,"12":0,"14":0,"16":0,"17":0,"20":0,"21":0,"24":0,"25":0,"26":0,"27":0,"28":0,"29":0,"30":0,"31":0,"34":0,"39":0,"40":0,"41":0,"44":0,"47":1}}}